<?xml version="1.0" encoding="UTF-8"?>
<robot generator="Robot 7.0 (Python 3.11.0 on win32)" generated="2024-05-28T14:46:30.902112" rpa="false" schemaversion="5">
<suite id="s1" name="SmartHospital" source="C:\Users\KARTHIPRIYA R\OneDrive\Desktop\SmartHospital">
<suite id="s1-s1" name="Smart Hospital" source="C:\Users\KARTHIPRIYA R\OneDrive\Desktop\SmartHospital\Smart_Hospital">
<suite id="s1-s1-s1" name="TestCases" source="C:\Users\KARTHIPRIYA R\OneDrive\Desktop\SmartHospital\Smart_Hospital\TestCases">
<suite id="s1-s1-s1-s1" name="Test Invalid Addnewpatient" source="C:\Users\KARTHIPRIYA R\OneDrive\Desktop\SmartHospital\Smart_Hospital\TestCases\Test_Invalid_Addnewpatient.robot">
<test id="s1-s1-s1-s1-t1" name="addition of new patient" line="16">
<kw name="Open the browser with url" owner="GenericResources" type="SETUP">
<kw name="Create Webdriver" owner="SeleniumLibrary">
<msg time="2024-05-28T14:46:31.272414" level="INFO">Creating an instance of the Chrome WebDriver.</msg>
<arg>Chrome</arg>
<doc>Creates an instance of Selenium WebDriver.</doc>
<status status="PASS" start="2024-05-28T14:46:31.272414" elapsed="2.868995"/>
</kw>
<kw name="Go To" owner="SeleniumLibrary">
<msg time="2024-05-28T14:46:34.141409" level="INFO">Opening url 'https://demo.smart-hospital.in/'</msg>
<arg>${url}</arg>
<doc>Navigates the current browser window to the provided ``url``.</doc>
<status status="PASS" start="2024-05-28T14:46:34.141409" elapsed="2.713577"/>
</kw>
<kw name="Maximize Browser Window" owner="SeleniumLibrary">
<doc>Maximizes current browser window.</doc>
<status status="PASS" start="2024-05-28T14:46:36.854986" elapsed="0.039343"/>
</kw>
<kw name="Set Selenium Implicit Wait" owner="SeleniumLibrary">
<arg>5</arg>
<doc>Sets the implicit wait value used by Selenium.</doc>
<status status="PASS" start="2024-05-28T14:46:36.894329" elapsed="0.002992"/>
</kw>
<status status="PASS" start="2024-05-28T14:46:31.272414" elapsed="5.624907"/>
</kw>
<kw name="Unsuccessfull addition of new patient">
<msg time="2024-05-28T14:46:36.898316" level="FAIL">Variable '${guardian_name}' not found.</msg>
<arg>${patient_name}</arg>
<arg>${guardian_name}</arg>
<arg>${dob}</arg>
<arg>${bloodgroup}</arg>
<arg>${marital_status}</arg>
<arg>${phone_number}</arg>
<arg>${email}</arg>
<arg>${address}</arg>
<arg>${known_allergies}</arg>
<arg>${TPA_ID}</arg>
<arg>${TPA_Validity}</arg>
<arg>${ni_number}</arg>
<arg>${alternate_number}</arg>
<status status="FAIL" start="2024-05-28T14:46:36.897321" elapsed="0.000995">Variable '${guardian_name}' not found.</status>
</kw>
<kw name="Close the browser" owner="GenericResources" type="TEARDOWN">
<kw name="Close Browser" owner="SeleniumLibrary">
<doc>Closes the current browser.</doc>
<status status="PASS" start="2024-05-28T14:46:36.899264" elapsed="2.215211"/>
</kw>
<status status="PASS" start="2024-05-28T14:46:36.899264" elapsed="2.215211"/>
</kw>
<status status="FAIL" start="2024-05-28T14:46:31.271393" elapsed="7.843082">Variable '${guardian_name}' not found.</status>
</test>
<doc>Test case to add new patient in the patient list</doc>
<status status="FAIL" start="2024-05-28T14:46:30.938111" elapsed="8.177368"/>
</suite>
<suite id="s1-s1-s1-s2" name="Test Invalid Billsearch" source="C:\Users\KARTHIPRIYA R\OneDrive\Desktop\SmartHospital\Smart_Hospital\TestCases\Test_Invalid_Billsearch.robot">
<test id="s1-s1-s1-s2-t1" name="Unsuccessfull search for a bill using bill number" line="11">
<kw name="Open the browser with url" owner="GenericResources" type="SETUP">
<kw name="Create Webdriver" owner="SeleniumLibrary">
<msg time="2024-05-28T14:46:39.135453" level="INFO">Creating an instance of the Chrome WebDriver.</msg>
<arg>Chrome</arg>
<doc>Creates an instance of Selenium WebDriver.</doc>
<status status="PASS" start="2024-05-28T14:46:39.135453" elapsed="1.502994"/>
</kw>
<kw name="Go To" owner="SeleniumLibrary">
<msg time="2024-05-28T14:46:40.639444" level="INFO">Opening url 'https://demo.smart-hospital.in/'</msg>
<arg>${url}</arg>
<doc>Navigates the current browser window to the provided ``url``.</doc>
<status status="PASS" start="2024-05-28T14:46:40.638447" elapsed="3.435560"/>
</kw>
<kw name="Maximize Browser Window" owner="SeleniumLibrary">
<doc>Maximizes current browser window.</doc>
<status status="PASS" start="2024-05-28T14:46:44.074007" elapsed="0.027462"/>
</kw>
<kw name="Set Selenium Implicit Wait" owner="SeleniumLibrary">
<arg>5</arg>
<doc>Sets the implicit wait value used by Selenium.</doc>
<status status="PASS" start="2024-05-28T14:46:44.101965" elapsed="0.001506"/>
</kw>
<status status="PASS" start="2024-05-28T14:46:39.135453" elapsed="4.968018"/>
</kw>
<kw name="Click the login in button" owner="GenericResources">
<kw name="Click Element" owner="SeleniumLibrary">
<msg time="2024-05-28T14:46:44.104471" level="INFO">Clicking element '//i[@class="fa fa-user"]//parent::a'.</msg>
<arg>${login_button}</arg>
<doc>Click the element identified by ``locator``.</doc>
<status status="PASS" start="2024-05-28T14:46:44.103471" elapsed="2.332090"/>
</kw>
<status status="PASS" start="2024-05-28T14:46:44.103471" elapsed="2.333119"/>
</kw>
<kw name="Fill the login form by default credentials for user role" owner="LoginResources">
<kw name="Click Button" owner="SeleniumLibrary">
<msg time="2024-05-28T14:46:46.437586" level="INFO">Clicking button 'css:button[class='btn']'.</msg>
<arg>${signin_button}</arg>
<doc>Clicks the button identified by ``locator``.</doc>
<status status="PASS" start="2024-05-28T14:46:46.437586" elapsed="4.896002"/>
</kw>
<status status="PASS" start="2024-05-28T14:46:46.436590" elapsed="4.898015"/>
</kw>
<kw name="Verify the successfull login with valid credentials for user" owner="LoginResources">
<kw name="Click Link" owner="SeleniumLibrary">
<msg time="2024-05-28T14:46:51.335575" level="INFO">Clicking link 'css:a[class="dropdown-toggle"]'.</msg>
<arg>${pofile_icon}</arg>
<doc>Clicks a link identified by ``locator``.</doc>
<status status="PASS" start="2024-05-28T14:46:51.334605" elapsed="0.090473"/>
</kw>
<kw name="Wait Until Element Is Enabled" owner="SeleniumLibrary">
<arg>${profile_name}</arg>
<doc>Waits until the element ``locator`` is enabled.</doc>
<status status="PASS" start="2024-05-28T14:46:51.425078" elapsed="0.100167"/>
</kw>
<kw name="Element Text Should Be" owner="SeleniumLibrary">
<msg time="2024-05-28T14:46:51.526331" level="INFO">Verifying element 'css:div[class="sstopuser-test"] h5' contains exact text 'Patient'.</msg>
<arg>${profile_name}</arg>
<arg>Patient</arg>
<doc>Verifies that element ``locator`` contains exact the text ``expected``.</doc>
<status status="PASS" start="2024-05-28T14:46:51.525245" elapsed="0.043910"/>
</kw>
<status status="PASS" start="2024-05-28T14:46:51.334605" elapsed="0.234550"/>
</kw>
<kw name="Unsuccessfull search by bill number" owner="UserResources">
<kw name="Click Link" owner="SeleniumLibrary">
<msg time="2024-05-28T14:46:51.570298" level="INFO">Clicking link 'xpath://i[@class="fas fa-mortar-pestle"]//parent::a'.</msg>
<arg>${pharmacy_option}</arg>
<doc>Clicks a link identified by ``locator``.</doc>
<status status="PASS" start="2024-05-28T14:46:51.570298" elapsed="0.845380"/>
</kw>
<kw name="Wait Until Element Is Enabled" owner="SeleniumLibrary">
<arg>${pharmacy_bill_search_field}</arg>
<doc>Waits until the element ``locator`` is enabled.</doc>
<status status="PASS" start="2024-05-28T14:46:52.416679" elapsed="0.031223"/>
</kw>
<kw name="Input Text" owner="SeleniumLibrary">
<msg time="2024-05-28T14:46:52.448462" level="INFO">Typing text 'lkjhgfcvb' into text field 'css:input[type="search"]'.</msg>
<arg>${pharmacy_bill_search_field}</arg>
<arg>lkjhgfcvb</arg>
<doc>Types the given ``text`` into the text field identified by ``locator``.</doc>
<status status="PASS" start="2024-05-28T14:46:52.448462" elapsed="0.172774"/>
</kw>
<status status="PASS" start="2024-05-28T14:46:51.569664" elapsed="1.051572"/>
</kw>
<kw name="Verify the unsuccessfull search by bill number" owner="UserResources">
<kw name="Wait Until Element Is Visible" owner="SeleniumLibrary">
<arg>${pharmacy_bill_record_assert}</arg>
<doc>Waits until the element ``locator`` is visible.</doc>
<status status="PASS" start="2024-05-28T14:46:52.621236" elapsed="0.033746"/>
</kw>
<kw name="Element Text Should Be" owner="SeleniumLibrary">
<msg time="2024-05-28T14:46:52.654982" level="INFO">Verifying element 'css:div[id="DataTables_Table_0_info"]' contains exact text 'Records: 0 to 0 of 0 (filtered from 10 total records)'.</msg>
<arg>${pharmacy_bill_record_assert}</arg>
<arg>Records: 0 to 0 of 0 (filtered from 10 total records)</arg>
<doc>Verifies that element ``locator`` contains exact the text ``expected``.</doc>
<status status="PASS" start="2024-05-28T14:46:52.654982" elapsed="0.030227"/>
</kw>
<status status="PASS" start="2024-05-28T14:46:52.621236" elapsed="0.063973"/>
</kw>
<kw name="Close the browser" owner="GenericResources" type="TEARDOWN">
<kw name="Close Browser" owner="SeleniumLibrary">
<doc>Closes the current browser.</doc>
<status status="PASS" start="2024-05-28T14:46:52.686246" elapsed="2.307091"/>
</kw>
<status status="PASS" start="2024-05-28T14:46:52.686246" elapsed="2.307091"/>
</kw>
<status status="PASS" start="2024-05-28T14:46:39.135453" elapsed="15.858383"/>
</test>
<doc>Test case for the Invalid search for a bill using bill number</doc>
<status status="PASS" start="2024-05-28T14:46:39.117470" elapsed="15.876366"/>
</suite>
<suite id="s1-s1-s1-s3" name="Test Invalid Doctorlogin" source="C:\Users\KARTHIPRIYA R\OneDrive\Desktop\SmartHospital\Smart_Hospital\TestCases\Test_Invalid_Doctorlogin.robot">
<test id="s1-s1-s1-s3-t1" name="Unsucessfull doctor login using invalid login credentials" line="12">
<kw name="Open the browser with url" owner="GenericResources" type="SETUP">
<kw name="Create Webdriver" owner="SeleniumLibrary">
<msg time="2024-05-28T14:46:55.004361" level="INFO">Creating an instance of the Chrome WebDriver.</msg>
<arg>Chrome</arg>
<doc>Creates an instance of Selenium WebDriver.</doc>
<status status="PASS" start="2024-05-28T14:46:55.004361" elapsed="1.902936"/>
</kw>
<kw name="Go To" owner="SeleniumLibrary">
<msg time="2024-05-28T14:46:56.908280" level="INFO">Opening url 'https://demo.smart-hospital.in/'</msg>
<arg>${url}</arg>
<doc>Navigates the current browser window to the provided ``url``.</doc>
<status status="PASS" start="2024-05-28T14:46:56.908280" elapsed="6.810904"/>
</kw>
<kw name="Maximize Browser Window" owner="SeleniumLibrary">
<doc>Maximizes current browser window.</doc>
<status status="PASS" start="2024-05-28T14:47:03.719404" elapsed="0.023091"/>
</kw>
<kw name="Set Selenium Implicit Wait" owner="SeleniumLibrary">
<arg>5</arg>
<doc>Sets the implicit wait value used by Selenium.</doc>
<status status="PASS" start="2024-05-28T14:47:03.742495" elapsed="0.003276"/>
</kw>
<status status="PASS" start="2024-05-28T14:46:55.004361" elapsed="8.741519"/>
</kw>
<kw name="Click the login in button" owner="GenericResources">
<kw name="Click Element" owner="SeleniumLibrary">
<msg time="2024-05-28T14:47:03.746918" level="INFO">Clicking element '//i[@class="fa fa-user"]//parent::a'.</msg>
<arg>${login_button}</arg>
<doc>Click the element identified by ``locator``.</doc>
<status status="PASS" start="2024-05-28T14:47:03.746918" elapsed="2.141228"/>
</kw>
<status status="PASS" start="2024-05-28T14:47:03.745880" elapsed="2.142266"/>
</kw>
<kw name="Fill the login form with login credentials for doctor" owner="LoginResources">
<kw name="Click Link" owner="SeleniumLibrary">
<msg time="2024-05-28T14:47:05.889261" level="INFO">Clicking link 'xpath://i[@class="fa fa-user"]//parent::a'.</msg>
<arg>${admin_login_button}</arg>
<doc>Clicks a link identified by ``locator``.</doc>
<status status="PASS" start="2024-05-28T14:47:05.889261" elapsed="0.500643"/>
</kw>
<kw name="Switch Window" owner="SeleniumLibrary">
<arg>new</arg>
<doc>Switches to browser window matching ``locator``.</doc>
<status status="PASS" start="2024-05-28T14:47:06.390401" elapsed="0.016634"/>
</kw>
<kw name="Input Text" owner="SeleniumLibrary">
<msg time="2024-05-28T14:47:06.407035" level="INFO">Typing text 'sonia@gmail.com' into text field 'css:input[name='username']'.</msg>
<arg>${username_field}</arg>
<arg>${username}</arg>
<doc>Types the given ``text`` into the text field identified by ``locator``.</doc>
<status status="PASS" start="2024-05-28T14:47:06.407035" elapsed="1.541942"/>
</kw>
<kw name="Input Password" owner="SeleniumLibrary">
<msg time="2024-05-28T14:47:07.948977" level="INFO">Typing password into text field 'css:input[name='password']'.</msg>
<msg time="2024-05-28T14:47:08.006652" level="INFO">Temporally setting log level to: NONE</msg>
<arg>${password_field}</arg>
<arg>${password}</arg>
<doc>Types the given password into the text field identified by ``locator``.</doc>
<status status="PASS" start="2024-05-28T14:47:07.948977" elapsed="0.164396"/>
</kw>
<kw name="Click Button" owner="SeleniumLibrary">
<msg time="2024-05-28T14:47:08.114384" level="INFO">Clicking button 'css:button[class='btn']'.</msg>
<arg>${signin_button}</arg>
<doc>Clicks the button identified by ``locator``.</doc>
<status status="PASS" start="2024-05-28T14:47:08.114384" elapsed="0.635470"/>
</kw>
<arg>${doctor_valid_username}</arg>
<arg>${doctor_invalid_password}</arg>
<status status="PASS" start="2024-05-28T14:47:05.888146" elapsed="2.861708"/>
</kw>
<kw name="Verify the unsucessfull login with invalid credentials" owner="LoginResources">
<kw name="Element Text Should Be" owner="SeleniumLibrary">
<msg time="2024-05-28T14:47:08.751334" level="INFO">Verifying element 'css:div[class="alert alert-danger"]' contains exact text 'Invalid Username or Password'.</msg>
<arg>${invalid_credentials_message}</arg>
<arg>Invalid Username or Password</arg>
<doc>Verifies that element ``locator`` contains exact the text ``expected``.</doc>
<status status="PASS" start="2024-05-28T14:47:08.751334" elapsed="0.033955"/>
</kw>
<status status="PASS" start="2024-05-28T14:47:08.750858" elapsed="0.034431"/>
</kw>
<kw name="Close the browser" owner="GenericResources" type="TEARDOWN">
<kw name="Close Browser" owner="SeleniumLibrary">
<doc>Closes the current browser.</doc>
<status status="PASS" start="2024-05-28T14:47:08.786777" elapsed="2.272995"/>
</kw>
<status status="PASS" start="2024-05-28T14:47:08.785289" elapsed="2.275480"/>
</kw>
<status status="PASS" start="2024-05-28T14:46:55.004361" elapsed="16.056408"/>
</test>
<test id="s1-s1-s1-s3-t2" name="Unsucessfull doctor login by clicking invalid user role" line="17">
<kw name="Open the browser with url" owner="GenericResources" type="SETUP">
<kw name="Create Webdriver" owner="SeleniumLibrary">
<msg time="2024-05-28T14:47:11.062765" level="INFO">Creating an instance of the Chrome WebDriver.</msg>
<arg>Chrome</arg>
<doc>Creates an instance of Selenium WebDriver.</doc>
<status status="PASS" start="2024-05-28T14:47:11.062765" elapsed="1.528726"/>
</kw>
<kw name="Go To" owner="SeleniumLibrary">
<msg time="2024-05-28T14:47:12.591491" level="INFO">Opening url 'https://demo.smart-hospital.in/'</msg>
<arg>${url}</arg>
<doc>Navigates the current browser window to the provided ``url``.</doc>
<status status="PASS" start="2024-05-28T14:47:12.591491" elapsed="2.899615"/>
</kw>
<kw name="Maximize Browser Window" owner="SeleniumLibrary">
<doc>Maximizes current browser window.</doc>
<status status="PASS" start="2024-05-28T14:47:15.491106" elapsed="0.036403"/>
</kw>
<kw name="Set Selenium Implicit Wait" owner="SeleniumLibrary">
<arg>5</arg>
<doc>Sets the implicit wait value used by Selenium.</doc>
<status status="PASS" start="2024-05-28T14:47:15.527509" elapsed="0.004174"/>
</kw>
<status status="PASS" start="2024-05-28T14:47:11.061765" elapsed="4.469918"/>
</kw>
<kw name="Click the login in button" owner="GenericResources">
<kw name="Click Element" owner="SeleniumLibrary">
<msg time="2024-05-28T14:47:15.531683" level="INFO">Clicking element '//i[@class="fa fa-user"]//parent::a'.</msg>
<arg>${login_button}</arg>
<doc>Click the element identified by ``locator``.</doc>
<status status="PASS" start="2024-05-28T14:47:15.531683" elapsed="2.222994"/>
</kw>
<status status="PASS" start="2024-05-28T14:47:15.531683" elapsed="2.222994"/>
</kw>
<kw name="Fill the unsuccessfull login form by clicking the doctor role" owner="LoginResources">
<kw name="Click Link" owner="SeleniumLibrary">
<msg time="2024-05-28T14:47:17.755766" level="INFO">Clicking link 'xpath://i[@class="fa fa-user"]//parent::a'.</msg>
<arg>${admin_login_button}</arg>
<doc>Clicks a link identified by ``locator``.</doc>
<status status="PASS" start="2024-05-28T14:47:17.755766" elapsed="0.477699"/>
</kw>
<kw name="Switch Window" owner="SeleniumLibrary">
<arg>new</arg>
<doc>Switches to browser window matching ``locator``.</doc>
<status status="PASS" start="2024-05-28T14:47:18.233961" elapsed="0.015019"/>
</kw>
<kw name="Click Link" owner="SeleniumLibrary">
<msg time="2024-05-28T14:47:18.248980" level="INFO">Clicking link 'xpath://a[text()='Pharmacist']'.</msg>
<arg>${invalid_doctor_button}</arg>
<doc>Clicks a link identified by ``locator``.</doc>
<status status="PASS" start="2024-05-28T14:47:18.248980" elapsed="1.177488"/>
</kw>
<kw name="Click Button" owner="SeleniumLibrary">
<msg time="2024-05-28T14:47:19.426468" level="INFO">Clicking button 'css:button[class='btn']'.</msg>
<arg>${signin_button}</arg>
<doc>Clicks the button identified by ``locator``.</doc>
<status status="PASS" start="2024-05-28T14:47:19.426468" elapsed="4.692883"/>
</kw>
<status status="PASS" start="2024-05-28T14:47:17.755766" elapsed="6.363585"/>
</kw>
<kw name="Verify the unsuccessfull login with valid credentials for doctor" owner="LoginResources">
<kw name="Click Link" owner="SeleniumLibrary">
<msg time="2024-05-28T14:47:24.120404" level="INFO">Clicking link 'css:a[class="dropdown-toggle"]'.</msg>
<arg>${pofile_icon}</arg>
<doc>Clicks a link identified by ``locator``.</doc>
<status status="PASS" start="2024-05-28T14:47:24.120404" elapsed="0.125199"/>
</kw>
<kw name="Element Text Should Not Be" owner="SeleniumLibrary">
<msg time="2024-05-28T14:47:24.246594" level="INFO">Verifying element 'css:div[class="sstopuser-test"] h5' does not contain exact text 'Doctor'.</msg>
<arg>${profile_name}</arg>
<arg>Doctor</arg>
<doc>Verifies that element ``locator`` does not contain exact the text ``not_expected``.</doc>
<status status="PASS" start="2024-05-28T14:47:24.245603" elapsed="0.040018"/>
</kw>
<status status="PASS" start="2024-05-28T14:47:24.120404" elapsed="0.165217"/>
</kw>
<kw name="Close the browser" owner="GenericResources" type="TEARDOWN">
<kw name="Close Browser" owner="SeleniumLibrary">
<doc>Closes the current browser.</doc>
<status status="PASS" start="2024-05-28T14:47:24.285621" elapsed="2.293022"/>
</kw>
<status status="PASS" start="2024-05-28T14:47:24.285621" elapsed="2.293022"/>
</kw>
<status status="PASS" start="2024-05-28T14:47:11.060769" elapsed="15.518892"/>
</test>
<test id="s1-s1-s1-s3-t3" name="Unsucessfull doctor login with blank username and password" line="22">
<kw name="Open the browser with url" owner="GenericResources" type="SETUP">
<kw name="Create Webdriver" owner="SeleniumLibrary">
<msg time="2024-05-28T14:47:26.582650" level="INFO">Creating an instance of the Chrome WebDriver.</msg>
<arg>Chrome</arg>
<doc>Creates an instance of Selenium WebDriver.</doc>
<status status="PASS" start="2024-05-28T14:47:26.581653" elapsed="1.705835"/>
</kw>
<kw name="Go To" owner="SeleniumLibrary">
<msg time="2024-05-28T14:47:28.288485" level="INFO">Opening url 'https://demo.smart-hospital.in/'</msg>
<arg>${url}</arg>
<doc>Navigates the current browser window to the provided ``url``.</doc>
<status status="PASS" start="2024-05-28T14:47:28.287488" elapsed="2.750643"/>
</kw>
<kw name="Maximize Browser Window" owner="SeleniumLibrary">
<doc>Maximizes current browser window.</doc>
<status status="PASS" start="2024-05-28T14:47:31.038131" elapsed="0.031897"/>
</kw>
<kw name="Set Selenium Implicit Wait" owner="SeleniumLibrary">
<arg>5</arg>
<doc>Sets the implicit wait value used by Selenium.</doc>
<status status="PASS" start="2024-05-28T14:47:31.070028" elapsed="0.001991"/>
</kw>
<status status="PASS" start="2024-05-28T14:47:26.581653" elapsed="4.490366"/>
</kw>
<kw name="Click the login in button" owner="GenericResources">
<kw name="Click Element" owner="SeleniumLibrary">
<msg time="2024-05-28T14:47:31.073015" level="INFO">Clicking element '//i[@class="fa fa-user"]//parent::a'.</msg>
<arg>${login_button}</arg>
<doc>Click the element identified by ``locator``.</doc>
<status status="PASS" start="2024-05-28T14:47:31.073015" elapsed="2.157331"/>
</kw>
<status status="PASS" start="2024-05-28T14:47:31.072019" elapsed="2.158327"/>
</kw>
<kw name="Click the admin login button" owner="LoginResources">
<kw name="Click Link" owner="SeleniumLibrary">
<msg time="2024-05-28T14:47:33.230346" level="INFO">Clicking link 'xpath://i[@class="fa fa-user"]//parent::a'.</msg>
<arg>${admin_login_button}</arg>
<doc>Clicks a link identified by ``locator``.</doc>
<status status="PASS" start="2024-05-28T14:47:33.230346" elapsed="0.483010"/>
</kw>
<kw name="Switch Window" owner="SeleniumLibrary">
<arg>new</arg>
<doc>Switches to browser window matching ``locator``.</doc>
<status status="PASS" start="2024-05-28T14:47:33.713852" elapsed="0.015755"/>
</kw>
<status status="PASS" start="2024-05-28T14:47:33.230346" elapsed="0.499261"/>
</kw>
<kw name="Click the signin button" owner="LoginResources">
<kw name="Click Button" owner="SeleniumLibrary">
<msg time="2024-05-28T14:47:33.730602" level="INFO">Clicking button 'css:button[class='btn']'.</msg>
<arg>${signin_button}</arg>
<doc>Clicks the button identified by ``locator``.</doc>
<status status="PASS" start="2024-05-28T14:47:33.730602" elapsed="1.638809"/>
</kw>
<status status="PASS" start="2024-05-28T14:47:33.729607" elapsed="1.640264"/>
</kw>
<kw name="Verify the unsuccessfull login with blank credentials" owner="LoginResources">
<kw name="Element Text Should Be" owner="SeleniumLibrary">
<msg time="2024-05-28T14:47:35.371167" level="INFO">Verifying element 'css:input[name='username']+span&gt;p' contains exact text 'The Username field is required.'.</msg>
<arg>${required_username_message}</arg>
<arg>The Username field is required.</arg>
<doc>Verifies that element ``locator`` contains exact the text ``expected``.</doc>
<status status="PASS" start="2024-05-28T14:47:35.370368" elapsed="0.032241"/>
</kw>
<kw name="Element Text Should Be" owner="SeleniumLibrary">
<msg time="2024-05-28T14:47:35.403655" level="INFO">Verifying element 'css:input[name='password']+span&gt;p' contains exact text 'The Password field is required.'.</msg>
<arg>${required_password_message}</arg>
<arg>The Password field is required.</arg>
<doc>Verifies that element ``locator`` contains exact the text ``expected``.</doc>
<status status="PASS" start="2024-05-28T14:47:35.403427" elapsed="0.027229"/>
</kw>
<status status="PASS" start="2024-05-28T14:47:35.369871" elapsed="0.060785"/>
</kw>
<kw name="Close the browser" owner="GenericResources" type="TEARDOWN">
<kw name="Close Browser" owner="SeleniumLibrary">
<doc>Closes the current browser.</doc>
<status status="PASS" start="2024-05-28T14:47:35.430656" elapsed="2.279847"/>
</kw>
<status status="PASS" start="2024-05-28T14:47:35.430656" elapsed="2.279847"/>
</kw>
<status status="PASS" start="2024-05-28T14:47:26.580657" elapsed="11.129846"/>
</test>
<test id="s1-s1-s1-s3-t4" name="Unsucessfull doctor login with blank username" line="28">
<kw name="Open the browser with url" owner="GenericResources" type="SETUP">
<kw name="Create Webdriver" owner="SeleniumLibrary">
<msg time="2024-05-28T14:47:37.713532" level="INFO">Creating an instance of the Chrome WebDriver.</msg>
<arg>Chrome</arg>
<doc>Creates an instance of Selenium WebDriver.</doc>
<status status="PASS" start="2024-05-28T14:47:37.712499" elapsed="1.498626"/>
</kw>
<kw name="Go To" owner="SeleniumLibrary">
<msg time="2024-05-28T14:47:39.212122" level="INFO">Opening url 'https://demo.smart-hospital.in/'</msg>
<arg>${url}</arg>
<doc>Navigates the current browser window to the provided ``url``.</doc>
<status status="PASS" start="2024-05-28T14:47:39.211125" elapsed="3.129472"/>
</kw>
<kw name="Maximize Browser Window" owner="SeleniumLibrary">
<doc>Maximizes current browser window.</doc>
<status status="PASS" start="2024-05-28T14:47:42.342701" elapsed="0.026081"/>
</kw>
<kw name="Set Selenium Implicit Wait" owner="SeleniumLibrary">
<arg>5</arg>
<doc>Sets the implicit wait value used by Selenium.</doc>
<status status="PASS" start="2024-05-28T14:47:42.369082" elapsed="0.001076"/>
</kw>
<status status="PASS" start="2024-05-28T14:47:37.712499" elapsed="4.657659"/>
</kw>
<kw name="Click the login in button" owner="GenericResources">
<kw name="Click Element" owner="SeleniumLibrary">
<msg time="2024-05-28T14:47:42.370575" level="INFO">Clicking element '//i[@class="fa fa-user"]//parent::a'.</msg>
<arg>${login_button}</arg>
<doc>Click the element identified by ``locator``.</doc>
<status status="PASS" start="2024-05-28T14:47:42.370575" elapsed="2.400648"/>
</kw>
<status status="PASS" start="2024-05-28T14:47:42.370158" elapsed="2.401065"/>
</kw>
<kw name="Fill the login form with login credentials for doctor" owner="LoginResources">
<kw name="Click Link" owner="SeleniumLibrary">
<msg time="2024-05-28T14:47:44.772160" level="INFO">Clicking link 'xpath://i[@class="fa fa-user"]//parent::a'.</msg>
<arg>${admin_login_button}</arg>
<doc>Clicks a link identified by ``locator``.</doc>
<status status="PASS" start="2024-05-28T14:47:44.771551" elapsed="0.492591"/>
</kw>
<kw name="Switch Window" owner="SeleniumLibrary">
<arg>new</arg>
<doc>Switches to browser window matching ``locator``.</doc>
<status status="PASS" start="2024-05-28T14:47:45.264638" elapsed="0.014400"/>
</kw>
<kw name="Input Text" owner="SeleniumLibrary">
<msg time="2024-05-28T14:47:45.280035" level="INFO">Typing text '' into text field 'css:input[name='username']'.</msg>
<arg>${username_field}</arg>
<arg>${username}</arg>
<doc>Types the given ``text`` into the text field identified by ``locator``.</doc>
<status status="PASS" start="2024-05-28T14:47:45.280035" elapsed="1.360077"/>
</kw>
<kw name="Input Password" owner="SeleniumLibrary">
<msg time="2024-05-28T14:47:46.640953" level="INFO">Typing password into text field 'css:input[name='password']'.</msg>
<msg time="2024-05-28T14:47:46.707678" level="INFO">Temporally setting log level to: NONE</msg>
<arg>${password_field}</arg>
<arg>${password}</arg>
<doc>Types the given password into the text field identified by ``locator``.</doc>
<status status="PASS" start="2024-05-28T14:47:46.640953" elapsed="0.174314"/>
</kw>
<kw name="Click Button" owner="SeleniumLibrary">
<msg time="2024-05-28T14:47:46.816261" level="INFO">Clicking button 'css:button[class='btn']'.</msg>
<arg>${signin_button}</arg>
<doc>Clicks the button identified by ``locator``.</doc>
<status status="PASS" start="2024-05-28T14:47:46.815765" elapsed="0.621385"/>
</kw>
<arg>username=</arg>
<arg>password="sdfghj"</arg>
<status status="PASS" start="2024-05-28T14:47:44.771551" elapsed="2.665599"/>
</kw>
<kw name="Verify the unsucessfull login with the blank username" owner="LoginResources">
<kw name="Element Text Should Be" owner="SeleniumLibrary">
<msg time="2024-05-28T14:47:47.437966" level="INFO">Verifying element 'css:input[name='username']+span&gt;p' contains exact text 'The Username field is required.'.</msg>
<arg>${required_username_message}</arg>
<arg>The Username field is required.</arg>
<doc>Verifies that element ``locator`` contains exact the text ``expected``.</doc>
<status status="PASS" start="2024-05-28T14:47:47.437966" elapsed="0.030056"/>
</kw>
<status status="PASS" start="2024-05-28T14:47:47.437705" elapsed="0.030317"/>
</kw>
<kw name="Close the browser" owner="GenericResources" type="TEARDOWN">
<kw name="Close Browser" owner="SeleniumLibrary">
<doc>Closes the current browser.</doc>
<status status="PASS" start="2024-05-28T14:47:47.469019" elapsed="2.245406"/>
</kw>
<status status="PASS" start="2024-05-28T14:47:47.468022" elapsed="2.246403"/>
</kw>
<status status="PASS" start="2024-05-28T14:47:37.711499" elapsed="12.002926"/>
</test>
<test id="s1-s1-s1-s3-t5" name="Unsucessfull doctor login with the blank password" line="33">
<kw name="Open the browser with url" owner="GenericResources" type="SETUP">
<kw name="Create Webdriver" owner="SeleniumLibrary">
<msg time="2024-05-28T14:47:49.717477" level="INFO">Creating an instance of the Chrome WebDriver.</msg>
<arg>Chrome</arg>
<doc>Creates an instance of Selenium WebDriver.</doc>
<status status="PASS" start="2024-05-28T14:47:49.716442" elapsed="1.476182"/>
</kw>
<kw name="Go To" owner="SeleniumLibrary">
<msg time="2024-05-28T14:47:51.192624" level="INFO">Opening url 'https://demo.smart-hospital.in/'</msg>
<arg>${url}</arg>
<doc>Navigates the current browser window to the provided ``url``.</doc>
<status status="PASS" start="2024-05-28T14:47:51.192624" elapsed="5.875264"/>
</kw>
<kw name="Maximize Browser Window" owner="SeleniumLibrary">
<doc>Maximizes current browser window.</doc>
<status status="PASS" start="2024-05-28T14:47:57.068298" elapsed="0.038014"/>
</kw>
<kw name="Set Selenium Implicit Wait" owner="SeleniumLibrary">
<arg>5</arg>
<doc>Sets the implicit wait value used by Selenium.</doc>
<status status="PASS" start="2024-05-28T14:47:57.106312" elapsed="0.019070"/>
</kw>
<status status="PASS" start="2024-05-28T14:47:49.716442" elapsed="7.408940"/>
</kw>
<kw name="Click the login in button" owner="GenericResources">
<kw name="Click Element" owner="SeleniumLibrary">
<msg time="2024-05-28T14:47:57.126402" level="INFO">Clicking element '//i[@class="fa fa-user"]//parent::a'.</msg>
<arg>${login_button}</arg>
<doc>Click the element identified by ``locator``.</doc>
<status status="PASS" start="2024-05-28T14:47:57.126402" elapsed="5.482087"/>
</kw>
<status status="PASS" start="2024-05-28T14:47:57.126402" elapsed="5.483076"/>
</kw>
<kw name="Fill the login form with login credentials for doctor" owner="LoginResources">
<kw name="Click Link" owner="SeleniumLibrary">
<msg time="2024-05-28T14:48:02.610100" level="INFO">Clicking link 'xpath://i[@class="fa fa-user"]//parent::a'.</msg>
<arg>${admin_login_button}</arg>
<doc>Clicks a link identified by ``locator``.</doc>
<status status="PASS" start="2024-05-28T14:48:02.610100" elapsed="0.478115"/>
</kw>
<kw name="Switch Window" owner="SeleniumLibrary">
<arg>new</arg>
<doc>Switches to browser window matching ``locator``.</doc>
<status status="PASS" start="2024-05-28T14:48:03.088712" elapsed="0.015578"/>
</kw>
<kw name="Input Text" owner="SeleniumLibrary">
<msg time="2024-05-28T14:48:03.105315" level="INFO">Typing text '"sonia@gmail.com"' into text field 'css:input[name='username']'.</msg>
<arg>${username_field}</arg>
<arg>${username}</arg>
<doc>Types the given ``text`` into the text field identified by ``locator``.</doc>
<status status="PASS" start="2024-05-28T14:48:03.104290" elapsed="1.126681"/>
</kw>
<kw name="Input Password" owner="SeleniumLibrary">
<msg time="2024-05-28T14:48:04.230971" level="INFO">Typing password into text field 'css:input[name='password']'.</msg>
<msg time="2024-05-28T14:48:04.296273" level="INFO">Temporally setting log level to: NONE</msg>
<arg>${password_field}</arg>
<arg>${password}</arg>
<doc>Types the given password into the text field identified by ``locator``.</doc>
<status status="PASS" start="2024-05-28T14:48:04.230971" elapsed="0.154216"/>
</kw>
<kw name="Click Button" owner="SeleniumLibrary">
<msg time="2024-05-28T14:48:04.385187" level="INFO">Clicking button 'css:button[class='btn']'.</msg>
<arg>${signin_button}</arg>
<doc>Clicks the button identified by ``locator``.</doc>
<status status="PASS" start="2024-05-28T14:48:04.385187" elapsed="0.575800"/>
</kw>
<arg>username="sonia@gmail.com"</arg>
<arg>password=</arg>
<status status="PASS" start="2024-05-28T14:48:02.609478" elapsed="2.351509"/>
</kw>
<kw name="Verify the unsucessfull login with the blank password" owner="LoginResources">
<kw name="Element Text Should Be" owner="SeleniumLibrary">
<msg time="2024-05-28T14:48:04.962055" level="INFO">Verifying element 'css:input[name='password']+span&gt;p' contains exact text 'The Password field is required.'.</msg>
<arg>${required_password_message}</arg>
<arg>The Password field is required.</arg>
<doc>Verifies that element ``locator`` contains exact the text ``expected``.</doc>
<status status="PASS" start="2024-05-28T14:48:04.960987" elapsed="0.037337"/>
</kw>
<status status="PASS" start="2024-05-28T14:48:04.960987" elapsed="0.037337"/>
</kw>
<kw name="Close the browser" owner="GenericResources" type="TEARDOWN">
<kw name="Close Browser" owner="SeleniumLibrary">
<doc>Closes the current browser.</doc>
<status status="PASS" start="2024-05-28T14:48:04.999895" elapsed="2.234485"/>
</kw>
<status status="PASS" start="2024-05-28T14:48:04.999404" elapsed="2.234976"/>
</kw>
<status status="PASS" start="2024-05-28T14:47:49.715464" elapsed="17.518916"/>
</test>
<doc>Test case for the invalid doctor login</doc>
<status status="PASS" start="2024-05-28T14:46:54.994886" elapsed="72.240922"/>
</suite>
<suite id="s1-s1-s1-s4" name="Test Invalid Update Bedstatus" source="C:\Users\KARTHIPRIYA R\OneDrive\Desktop\SmartHospital\Smart_Hospital\TestCases\Test_Invalid_Update_Bedstatus.robot">
<test id="s1-s1-s1-s4-t1" name="Successfull update of bedstaus" line="12">
<kw name="Open the browser with url" owner="GenericResources" type="SETUP">
<kw name="Create Webdriver" owner="SeleniumLibrary">
<msg time="2024-05-28T14:48:07.252829" level="INFO">Creating an instance of the Chrome WebDriver.</msg>
<arg>Chrome</arg>
<doc>Creates an instance of Selenium WebDriver.</doc>
<status status="PASS" start="2024-05-28T14:48:07.252829" elapsed="1.485998"/>
</kw>
<kw name="Go To" owner="SeleniumLibrary">
<msg time="2024-05-28T14:48:08.739826" level="INFO">Opening url 'https://demo.smart-hospital.in/'</msg>
<arg>${url}</arg>
<doc>Navigates the current browser window to the provided ``url``.</doc>
<status status="PASS" start="2024-05-28T14:48:08.739826" elapsed="4.197659"/>
</kw>
<kw name="Maximize Browser Window" owner="SeleniumLibrary">
<doc>Maximizes current browser window.</doc>
<status status="PASS" start="2024-05-28T14:48:12.938056" elapsed="0.027903"/>
</kw>
<kw name="Set Selenium Implicit Wait" owner="SeleniumLibrary">
<arg>5</arg>
<doc>Sets the implicit wait value used by Selenium.</doc>
<status status="PASS" start="2024-05-28T14:48:12.965959" elapsed="0.002061"/>
</kw>
<status status="PASS" start="2024-05-28T14:48:07.252829" elapsed="5.715191"/>
</kw>
<kw name="Click the login in button" owner="GenericResources">
<kw name="Click Element" owner="SeleniumLibrary">
<msg time="2024-05-28T14:48:12.969057" level="INFO">Clicking element '//i[@class="fa fa-user"]//parent::a'.</msg>
<arg>${login_button}</arg>
<doc>Click the element identified by ``locator``.</doc>
<status status="PASS" start="2024-05-28T14:48:12.969057" elapsed="2.840952"/>
</kw>
<status status="PASS" start="2024-05-28T14:48:12.968020" elapsed="2.841989"/>
</kw>
<kw name="Fill the successfull login form by clicking the doctor role" owner="LoginResources">
<kw name="Click Link" owner="SeleniumLibrary">
<msg time="2024-05-28T14:48:15.811186" level="INFO">Clicking link 'xpath://i[@class="fa fa-user"]//parent::a'.</msg>
<arg>${admin_login_button}</arg>
<doc>Clicks a link identified by ``locator``.</doc>
<status status="PASS" start="2024-05-28T14:48:15.811186" elapsed="0.476218"/>
</kw>
<kw name="Switch Window" owner="SeleniumLibrary">
<arg>new</arg>
<doc>Switches to browser window matching ``locator``.</doc>
<status status="PASS" start="2024-05-28T14:48:16.287902" elapsed="0.015695"/>
</kw>
<kw name="Click Link" owner="SeleniumLibrary">
<msg time="2024-05-28T14:48:16.304597" level="INFO">Clicking link 'xpath://a[text()='Doctor']'.</msg>
<arg>${valid_doctor_button}</arg>
<doc>Clicks a link identified by ``locator``.</doc>
<status status="PASS" start="2024-05-28T14:48:16.304597" elapsed="1.138827"/>
</kw>
<kw name="Click Button" owner="SeleniumLibrary">
<msg time="2024-05-28T14:48:17.443424" level="INFO">Clicking button 'css:button[class='btn']'.</msg>
<arg>${signin_button}</arg>
<doc>Clicks the button identified by ``locator``.</doc>
<status status="PASS" start="2024-05-28T14:48:17.443424" elapsed="4.941360"/>
</kw>
<status status="PASS" start="2024-05-28T14:48:15.810009" elapsed="6.574775"/>
</kw>
<kw name="Verify the successfull login with valid credentials for doctor" owner="LoginResources">
<kw name="Click Link" owner="SeleniumLibrary">
<msg time="2024-05-28T14:48:22.385795" level="INFO">Clicking link 'css:a[class="dropdown-toggle"]'.</msg>
<arg>${pofile_icon}</arg>
<doc>Clicks a link identified by ``locator``.</doc>
<status status="PASS" start="2024-05-28T14:48:22.385795" elapsed="0.091579"/>
</kw>
<kw name="Wait Until Element Is Enabled" owner="SeleniumLibrary">
<arg>${profile_name}</arg>
<doc>Waits until the element ``locator`` is enabled.</doc>
<status status="PASS" start="2024-05-28T14:48:22.477374" elapsed="0.040710"/>
</kw>
<kw name="Element Text Should Be" owner="SeleniumLibrary">
<msg time="2024-05-28T14:48:22.518084" level="INFO">Verifying element 'css:div[class="sstopuser-test"] h5' contains exact text 'Doctor'.</msg>
<arg>${profile_name}</arg>
<arg>Doctor</arg>
<doc>Verifies that element ``locator`` contains exact the text ``expected``.</doc>
<status status="PASS" start="2024-05-28T14:48:22.518084" elapsed="0.027014"/>
</kw>
<status status="PASS" start="2024-05-28T14:48:22.384784" elapsed="0.160314"/>
</kw>
<kw name="Unsuccessfull update of the bed status" owner="DoctorResources">
<kw name="Click Link" owner="SeleniumLibrary">
<msg time="2024-05-28T14:48:22.545098" level="INFO">Clicking link 'xpath://i[@class="fas fa-bed cal15"]//parent::a'.</msg>
<arg>${betstatus_icon}</arg>
<doc>Clicks a link identified by ``locator``.</doc>
<status status="PASS" start="2024-05-28T14:48:22.545098" elapsed="0.076087"/>
</kw>
<kw name="Click Element" owner="SeleniumLibrary">
<msg time="2024-05-28T14:48:22.622490" level="INFO">Clicking element 'xpath://div[text()='FF - 145']'.</msg>
<msg time="2024-05-28T14:48:27.736665" level="INFO" html="true">&lt;/td&gt;&lt;/tr&gt;&lt;tr&gt;&lt;td colspan="3"&gt;&lt;a href="selenium-screenshot-1.png"&gt;&lt;img src="selenium-screenshot-1.png" width="800px"&gt;&lt;/a&gt;</msg>
<msg time="2024-05-28T14:48:27.736665" level="FAIL">Element with locator 'xpath://div[text()='FF - 145']' not found.</msg>
<arg>${bed_145}</arg>
<doc>Click the element identified by ``locator``.</doc>
<status status="FAIL" start="2024-05-28T14:48:22.621185" elapsed="5.403727">Element with locator 'xpath://div[text()='FF - 145']' not found.</status>
</kw>
<kw name="Click Element" owner="SeleniumLibrary">
<arg>${patientSelect_field}</arg>
<doc>Click the element identified by ``locator``.</doc>
<status status="NOT RUN" start="2024-05-28T14:48:28.025973" elapsed="0.000000"/>
</kw>
<kw name="Input Text" owner="SeleniumLibrary">
<arg>${patientinput_field}</arg>
<arg>Olivier</arg>
<doc>Types the given ``text`` into the text field identified by ``locator``.</doc>
<status status="NOT RUN" start="2024-05-28T14:48:28.025973" elapsed="0.000000"/>
</kw>
<kw name="Click Element" owner="SeleniumLibrary">
<arg>${patient_name}</arg>
<doc>Click the element identified by ``locator``.</doc>
<status status="NOT RUN" start="2024-05-28T14:48:28.025973" elapsed="0.000000"/>
</kw>
<kw name="Click Element" owner="SeleniumLibrary">
<arg>${Addmision_date}</arg>
<doc>Click the element identified by ``locator``.</doc>
<status status="NOT RUN" start="2024-05-28T14:48:28.026970" elapsed="0.000000"/>
</kw>
<kw name="Select From List By Value" owner="SeleniumLibrary">
<arg>${doctal_consultant_select}</arg>
<arg>11</arg>
<doc>Selects options from selection list ``locator`` by ``values``.</doc>
<status status="NOT RUN" start="2024-05-28T14:48:28.026970" elapsed="0.000000"/>
</kw>
<kw name="Click Button" owner="SeleniumLibrary">
<arg>${bed_status_save_button}</arg>
<doc>Clicks the button identified by ``locator``.</doc>
<status status="NOT RUN" start="2024-05-28T14:48:28.026970" elapsed="0.000000"/>
</kw>
<status status="FAIL" start="2024-05-28T14:48:22.545098" elapsed="5.481872">Element with locator 'xpath://div[text()='FF - 145']' not found.</status>
</kw>
<kw name="Verify the unsuccessfull updation of the bed status" owner="DoctorResources">
<status status="NOT RUN" start="2024-05-28T14:48:28.027966" elapsed="0.000000"/>
</kw>
<kw name="Close the browser" owner="GenericResources" type="TEARDOWN">
<kw name="Close Browser" owner="SeleniumLibrary">
<doc>Closes the current browser.</doc>
<status status="PASS" start="2024-05-28T14:48:28.028963" elapsed="2.307952"/>
</kw>
<status status="PASS" start="2024-05-28T14:48:28.028963" elapsed="2.307952"/>
</kw>
<tag>smoke</tag>
<status status="FAIL" start="2024-05-28T14:48:07.252829" elapsed="23.084086">Element with locator 'xpath://div[text()='FF - 145']' not found.</status>
</test>
<doc>Test case for the invalid bed status update</doc>
<status status="FAIL" start="2024-05-28T14:48:07.236829" elapsed="23.101110"/>
</suite>
<suite id="s1-s1-s1-s5" name="Test Invalid Viewbillsearch" source="C:\Users\KARTHIPRIYA R\OneDrive\Desktop\SmartHospital\Smart_Hospital\TestCases\Test_Invalid_Viewbillsearch.robot">
<test id="s1-s1-s1-s5-t1" name="Unsuccessfull view for a bill details" line="11">
<kw name="Open the browser with url" owner="GenericResources" type="SETUP">
<kw name="Create Webdriver" owner="SeleniumLibrary">
<msg time="2024-05-28T14:48:30.352880" level="INFO">Creating an instance of the Chrome WebDriver.</msg>
<arg>Chrome</arg>
<doc>Creates an instance of Selenium WebDriver.</doc>
<status status="PASS" start="2024-05-28T14:48:30.352880" elapsed="1.603994"/>
</kw>
<kw name="Go To" owner="SeleniumLibrary">
<msg time="2024-05-28T14:48:31.957862" level="INFO">Opening url 'https://demo.smart-hospital.in/'</msg>
<arg>${url}</arg>
<doc>Navigates the current browser window to the provided ``url``.</doc>
<status status="PASS" start="2024-05-28T14:48:31.956874" elapsed="3.319315"/>
</kw>
<kw name="Maximize Browser Window" owner="SeleniumLibrary">
<doc>Maximizes current browser window.</doc>
<status status="PASS" start="2024-05-28T14:48:35.276189" elapsed="0.033258"/>
</kw>
<kw name="Set Selenium Implicit Wait" owner="SeleniumLibrary">
<arg>5</arg>
<doc>Sets the implicit wait value used by Selenium.</doc>
<status status="PASS" start="2024-05-28T14:48:35.309447" elapsed="0.002037"/>
</kw>
<status status="PASS" start="2024-05-28T14:48:30.352880" elapsed="4.958604"/>
</kw>
<kw name="Click the login in button" owner="GenericResources">
<kw name="Click Element" owner="SeleniumLibrary">
<msg time="2024-05-28T14:48:35.311484" level="INFO">Clicking element '//i[@class="fa fa-user"]//parent::a'.</msg>
<arg>${login_button}</arg>
<doc>Click the element identified by ``locator``.</doc>
<status status="PASS" start="2024-05-28T14:48:35.311484" elapsed="2.619698"/>
</kw>
<status status="PASS" start="2024-05-28T14:48:35.311484" elapsed="2.619698"/>
</kw>
<kw name="Fill the login form by default credentials for user role" owner="LoginResources">
<kw name="Click Button" owner="SeleniumLibrary">
<msg time="2024-05-28T14:48:37.932362" level="INFO">Clicking button 'css:button[class='btn']'.</msg>
<arg>${signin_button}</arg>
<doc>Clicks the button identified by ``locator``.</doc>
<status status="PASS" start="2024-05-28T14:48:37.931896" elapsed="4.625458"/>
</kw>
<status status="PASS" start="2024-05-28T14:48:37.931182" elapsed="4.626172"/>
</kw>
<kw name="Verify the successfull login with valid credentials for user" owner="LoginResources">
<kw name="Click Link" owner="SeleniumLibrary">
<msg time="2024-05-28T14:48:42.559397" level="INFO">Clicking link 'css:a[class="dropdown-toggle"]'.</msg>
<arg>${pofile_icon}</arg>
<doc>Clicks a link identified by ``locator``.</doc>
<status status="PASS" start="2024-05-28T14:48:42.558396" elapsed="0.105765"/>
</kw>
<kw name="Wait Until Element Is Enabled" owner="SeleniumLibrary">
<arg>${profile_name}</arg>
<doc>Waits until the element ``locator`` is enabled.</doc>
<status status="PASS" start="2024-05-28T14:48:42.664161" elapsed="0.080024"/>
</kw>
<kw name="Element Text Should Be" owner="SeleniumLibrary">
<msg time="2024-05-28T14:48:42.744185" level="INFO">Verifying element 'css:div[class="sstopuser-test"] h5' contains exact text 'Patient'.</msg>
<arg>${profile_name}</arg>
<arg>Patient</arg>
<doc>Verifies that element ``locator`` contains exact the text ``expected``.</doc>
<status status="PASS" start="2024-05-28T14:48:42.744185" elapsed="0.041607"/>
</kw>
<status status="PASS" start="2024-05-28T14:48:42.558396" elapsed="0.227396"/>
</kw>
<kw name="Sucessfull search by bill number" owner="UserResources">
<kw name="Click Link" owner="SeleniumLibrary">
<msg time="2024-05-28T14:48:42.786560" level="INFO">Clicking link 'xpath://i[@class="fas fa-mortar-pestle"]//parent::a'.</msg>
<arg>${pharmacy_option}</arg>
<doc>Clicks a link identified by ``locator``.</doc>
<status status="PASS" start="2024-05-28T14:48:42.786560" elapsed="0.890931"/>
</kw>
<kw name="Wait Until Element Is Enabled" owner="SeleniumLibrary">
<arg>${pharmacy_bill_search_field}</arg>
<doc>Waits until the element ``locator`` is enabled.</doc>
<status status="PASS" start="2024-05-28T14:48:43.677491" elapsed="0.038547"/>
</kw>
<kw name="Input Text" owner="SeleniumLibrary">
<msg time="2024-05-28T14:48:43.716038" level="INFO">Typing text 'PHARMAB307' into text field 'css:input[type="search"]'.</msg>
<arg>${pharmacy_bill_search_field}</arg>
<arg>PHARMAB307</arg>
<doc>Types the given ``text`` into the text field identified by ``locator``.</doc>
<status status="PASS" start="2024-05-28T14:48:43.716038" elapsed="0.247002"/>
</kw>
<status status="PASS" start="2024-05-28T14:48:42.786289" elapsed="1.176751"/>
</kw>
<kw name="Verify the successfull search by bill number" owner="UserResources">
<kw name="Wait Until Element Is Visible" owner="SeleniumLibrary">
<arg>${pharmacy_bill_record_assert}</arg>
<doc>Waits until the element ``locator`` is visible.</doc>
<status status="PASS" start="2024-05-28T14:48:43.964498" elapsed="0.031185"/>
</kw>
<kw name="Should Not Contain" owner="BuiltIn">
<arg>${pharmacy_bill_record_assert}</arg>
<arg>Records: 0 to 0 of 0</arg>
<doc>Fails if ``container`` contains ``item`` one or more times.</doc>
<status status="PASS" start="2024-05-28T14:48:43.996691" elapsed="0.000000"/>
</kw>
<status status="PASS" start="2024-05-28T14:48:43.964498" elapsed="0.032193"/>
</kw>
<kw name="Successfull view of the bill details" owner="UserResources">
<kw name="Wait Until Element Is Enabled" owner="SeleniumLibrary">
<arg>${pharmacy_view_details}</arg>
<doc>Waits until the element ``locator`` is enabled.</doc>
<status status="PASS" start="2024-05-28T14:48:43.996691" elapsed="0.040332"/>
</kw>
<kw name="Click Link" owner="SeleniumLibrary">
<msg time="2024-05-28T14:48:44.038027" level="INFO">Clicking link 'xpath://a[@class="btn btn-default btn-xs"]'.</msg>
<arg>${pharmacy_view_details}</arg>
<doc>Clicks a link identified by ``locator``.</doc>
<status status="PASS" start="2024-05-28T14:48:44.037023" elapsed="0.107478"/>
</kw>
<status status="PASS" start="2024-05-28T14:48:43.996691" elapsed="0.147810"/>
</kw>
<kw name="verify the unsuccessfull view of the bill details" owner="UserResources">
<kw name="Wait Until Element Is Visible" owner="SeleniumLibrary">
<arg>${view_detail_assert}</arg>
<doc>Waits until the element ``locator`` is visible.</doc>
<status status="PASS" start="2024-05-28T14:48:44.145647" elapsed="0.387335"/>
</kw>
<kw name="Element Text Should Not Be" owner="SeleniumLibrary">
<msg time="2024-05-28T14:48:44.532982" level="INFO">Verifying element 'xpath://h5[text()='Bill No : PHARMAB307']' does not contain exact text 'Bill No : PHARMAB307'.</msg>
<msg time="2024-05-28T14:48:44.678386" level="INFO" html="true">&lt;/td&gt;&lt;/tr&gt;&lt;tr&gt;&lt;td colspan="3"&gt;&lt;a href="selenium-screenshot-2.png"&gt;&lt;img src="selenium-screenshot-2.png" width="800px"&gt;&lt;/a&gt;</msg>
<msg time="2024-05-28T14:48:44.678870" level="FAIL">The text of element 'xpath://h5[text()='Bill No : PHARMAB307']' was not supposed to be 'Bill No : PHARMAB307'.</msg>
<arg>${view_detail_assert}</arg>
<arg>Bill No : PHARMAB307</arg>
<doc>Verifies that element ``locator`` does not contain exact the text ``not_expected``.</doc>
<status status="FAIL" start="2024-05-28T14:48:44.532982" elapsed="0.147237">The text of element 'xpath://h5[text()='Bill No : PHARMAB307']' was not supposed to be 'Bill No : PHARMAB307'.</status>
</kw>
<status status="FAIL" start="2024-05-28T14:48:44.144501" elapsed="0.535718">The text of element 'xpath://h5[text()='Bill No : PHARMAB307']' was not supposed to be 'Bill No : PHARMAB307'.</status>
</kw>
<kw name="Close the browser" owner="GenericResources" type="TEARDOWN">
<kw name="Close Browser" owner="SeleniumLibrary">
<doc>Closes the current browser.</doc>
<status status="PASS" start="2024-05-28T14:48:44.681213" elapsed="2.272954"/>
</kw>
<status status="PASS" start="2024-05-28T14:48:44.680716" elapsed="2.273451"/>
</kw>
<status status="FAIL" start="2024-05-28T14:48:30.352880" elapsed="16.602412">The text of element 'xpath://h5[text()='Bill No : PHARMAB307']' was not supposed to be 'Bill No : PHARMAB307'.</status>
</test>
<doc>Test case for the valid view bill details</doc>
<status status="FAIL" start="2024-05-28T14:48:30.338929" elapsed="16.617356"/>
</suite>
<suite id="s1-s1-s1-s6" name="Test Valid Addnewpatient" source="C:\Users\KARTHIPRIYA R\OneDrive\Desktop\SmartHospital\Smart_Hospital\TestCases\Test_Valid_Addnewpatient.robot">
<test id="s1-s1-s1-s6-t1" name="addition of new patient" line="16">
<kw name="Open the browser with url" owner="GenericResources" type="SETUP">
<kw name="Create Webdriver" owner="SeleniumLibrary">
<msg time="2024-05-28T14:48:46.976249" level="INFO">Creating an instance of the Chrome WebDriver.</msg>
<arg>Chrome</arg>
<doc>Creates an instance of Selenium WebDriver.</doc>
<status status="PASS" start="2024-05-28T14:48:46.976249" elapsed="1.515442"/>
</kw>
<kw name="Go To" owner="SeleniumLibrary">
<msg time="2024-05-28T14:48:48.492688" level="INFO">Opening url 'https://demo.smart-hospital.in/'</msg>
<arg>${url}</arg>
<doc>Navigates the current browser window to the provided ``url``.</doc>
<status status="PASS" start="2024-05-28T14:48:48.492688" elapsed="4.279443"/>
</kw>
<kw name="Maximize Browser Window" owner="SeleniumLibrary">
<doc>Maximizes current browser window.</doc>
<status status="PASS" start="2024-05-28T14:48:52.773515" elapsed="0.027084"/>
</kw>
<kw name="Set Selenium Implicit Wait" owner="SeleniumLibrary">
<arg>5</arg>
<doc>Sets the implicit wait value used by Selenium.</doc>
<status status="PASS" start="2024-05-28T14:48:52.801584" elapsed="0.000999"/>
</kw>
<status status="PASS" start="2024-05-28T14:48:46.976249" elapsed="5.826334"/>
</kw>
<kw name="Successfull addition of new patient">
<msg time="2024-05-28T14:48:52.804407" level="FAIL">Variable '${guardian_name}' not found.</msg>
<arg>${patient_name}</arg>
<arg>${guardian_name}</arg>
<arg>${dob}</arg>
<arg>${bloodgroup}</arg>
<arg>${marital_status}</arg>
<arg>${phone_number}</arg>
<arg>${email}</arg>
<arg>${address}</arg>
<arg>${known_allergies}</arg>
<arg>${TPA_ID}</arg>
<arg>${TPA_Validity}</arg>
<arg>${ni_number}</arg>
<arg>${alternate_number}</arg>
<status status="FAIL" start="2024-05-28T14:48:52.802583" elapsed="0.001824">Variable '${guardian_name}' not found.</status>
</kw>
<kw name="Close the browser" owner="GenericResources" type="TEARDOWN">
<kw name="Close Browser" owner="SeleniumLibrary">
<doc>Closes the current browser.</doc>
<status status="PASS" start="2024-05-28T14:48:52.806563" elapsed="2.207664"/>
</kw>
<status status="PASS" start="2024-05-28T14:48:52.805488" elapsed="2.208739"/>
</kw>
<status status="FAIL" start="2024-05-28T14:48:46.976249" elapsed="8.037978">Variable '${guardian_name}' not found.</status>
</test>
<doc>Test case to add new patient in the patient list</doc>
<status status="FAIL" start="2024-05-28T14:48:46.958271" elapsed="8.057028"/>
</suite>
<suite id="s1-s1-s1-s7" name="Test Valid Billsearch" source="C:\Users\KARTHIPRIYA R\OneDrive\Desktop\SmartHospital\Smart_Hospital\TestCases\Test_Valid_Billsearch.robot">
<test id="s1-s1-s1-s7-t1" name="Successfull search for a bill using bill number" line="11">
<kw name="Open the browser with url" owner="GenericResources" type="SETUP">
<kw name="Create Webdriver" owner="SeleniumLibrary">
<msg time="2024-05-28T14:48:55.033245" level="INFO">Creating an instance of the Chrome WebDriver.</msg>
<arg>Chrome</arg>
<doc>Creates an instance of Selenium WebDriver.</doc>
<status status="PASS" start="2024-05-28T14:48:55.033245" elapsed="1.477103"/>
</kw>
<kw name="Go To" owner="SeleniumLibrary">
<msg time="2024-05-28T14:48:56.510348" level="INFO">Opening url 'https://demo.smart-hospital.in/'</msg>
<arg>${url}</arg>
<doc>Navigates the current browser window to the provided ``url``.</doc>
<status status="PASS" start="2024-05-28T14:48:56.510348" elapsed="2.949054"/>
</kw>
<kw name="Maximize Browser Window" owner="SeleniumLibrary">
<doc>Maximizes current browser window.</doc>
<status status="PASS" start="2024-05-28T14:48:59.459402" elapsed="0.037085"/>
</kw>
<kw name="Set Selenium Implicit Wait" owner="SeleniumLibrary">
<arg>5</arg>
<doc>Sets the implicit wait value used by Selenium.</doc>
<status status="PASS" start="2024-05-28T14:48:59.496487" elapsed="0.001098"/>
</kw>
<status status="PASS" start="2024-05-28T14:48:55.033245" elapsed="4.465336"/>
</kw>
<kw name="Click the login in button" owner="GenericResources">
<kw name="Click Element" owner="SeleniumLibrary">
<msg time="2024-05-28T14:48:59.499582" level="INFO">Clicking element '//i[@class="fa fa-user"]//parent::a'.</msg>
<arg>${login_button}</arg>
<doc>Click the element identified by ``locator``.</doc>
<status status="PASS" start="2024-05-28T14:48:59.498581" elapsed="2.411695"/>
</kw>
<status status="PASS" start="2024-05-28T14:48:59.498581" elapsed="2.411695"/>
</kw>
<kw name="Fill the login form by default credentials for user role" owner="LoginResources">
<kw name="Click Button" owner="SeleniumLibrary">
<msg time="2024-05-28T14:49:01.911282" level="INFO">Clicking button 'css:button[class='btn']'.</msg>
<arg>${signin_button}</arg>
<doc>Clicks the button identified by ``locator``.</doc>
<status status="PASS" start="2024-05-28T14:49:01.910276" elapsed="4.886126"/>
</kw>
<status status="PASS" start="2024-05-28T14:49:01.910276" elapsed="4.886126"/>
</kw>
<kw name="Verify the successfull login with valid credentials for user" owner="LoginResources">
<kw name="Click Link" owner="SeleniumLibrary">
<msg time="2024-05-28T14:49:06.797495" level="INFO">Clicking link 'css:a[class="dropdown-toggle"]'.</msg>
<arg>${pofile_icon}</arg>
<doc>Clicks a link identified by ``locator``.</doc>
<status status="PASS" start="2024-05-28T14:49:06.797495" elapsed="0.088618"/>
</kw>
<kw name="Wait Until Element Is Enabled" owner="SeleniumLibrary">
<arg>${profile_name}</arg>
<doc>Waits until the element ``locator`` is enabled.</doc>
<status status="PASS" start="2024-05-28T14:49:06.887114" elapsed="0.047120"/>
</kw>
<kw name="Element Text Should Be" owner="SeleniumLibrary">
<msg time="2024-05-28T14:49:06.934234" level="INFO">Verifying element 'css:div[class="sstopuser-test"] h5' contains exact text 'Patient'.</msg>
<arg>${profile_name}</arg>
<arg>Patient</arg>
<doc>Verifies that element ``locator`` contains exact the text ``expected``.</doc>
<status status="PASS" start="2024-05-28T14:49:06.934234" elapsed="0.030222"/>
</kw>
<status status="PASS" start="2024-05-28T14:49:06.796402" elapsed="0.168478"/>
</kw>
<kw name="Sucessfull search by bill number" owner="UserResources">
<kw name="Click Link" owner="SeleniumLibrary">
<msg time="2024-05-28T14:49:06.964880" level="INFO">Clicking link 'xpath://i[@class="fas fa-mortar-pestle"]//parent::a'.</msg>
<arg>${pharmacy_option}</arg>
<doc>Clicks a link identified by ``locator``.</doc>
<status status="PASS" start="2024-05-28T14:49:06.964880" elapsed="0.973933"/>
</kw>
<kw name="Wait Until Element Is Enabled" owner="SeleniumLibrary">
<arg>${pharmacy_bill_search_field}</arg>
<doc>Waits until the element ``locator`` is enabled.</doc>
<status status="PASS" start="2024-05-28T14:49:07.938813" elapsed="0.046414"/>
</kw>
<kw name="Input Text" owner="SeleniumLibrary">
<msg time="2024-05-28T14:49:07.985227" level="INFO">Typing text 'PHARMAB307' into text field 'css:input[type="search"]'.</msg>
<arg>${pharmacy_bill_search_field}</arg>
<arg>PHARMAB307</arg>
<doc>Types the given ``text`` into the text field identified by ``locator``.</doc>
<status status="PASS" start="2024-05-28T14:49:07.985227" elapsed="0.222541"/>
</kw>
<status status="PASS" start="2024-05-28T14:49:06.964880" elapsed="1.242888"/>
</kw>
<kw name="Verify the successfull search by bill number" owner="UserResources">
<kw name="Wait Until Element Is Visible" owner="SeleniumLibrary">
<arg>${pharmacy_bill_record_assert}</arg>
<doc>Waits until the element ``locator`` is visible.</doc>
<status status="PASS" start="2024-05-28T14:49:08.208809" elapsed="0.030620"/>
</kw>
<kw name="Should Not Contain" owner="BuiltIn">
<arg>${pharmacy_bill_record_assert}</arg>
<arg>Records: 0 to 0 of 0</arg>
<doc>Fails if ``container`` contains ``item`` one or more times.</doc>
<status status="PASS" start="2024-05-28T14:49:08.239429" elapsed="0.000000"/>
</kw>
<status status="PASS" start="2024-05-28T14:49:08.207768" elapsed="0.031661"/>
</kw>
<kw name="Close the browser" owner="GenericResources" type="TEARDOWN">
<kw name="Close Browser" owner="SeleniumLibrary">
<doc>Closes the current browser.</doc>
<status status="PASS" start="2024-05-28T14:49:08.240425" elapsed="2.255574"/>
</kw>
<status status="PASS" start="2024-05-28T14:49:08.239429" elapsed="2.256570"/>
</kw>
<status status="PASS" start="2024-05-28T14:48:55.032266" elapsed="15.463733"/>
</test>
<doc>Test case for the valid for a bill search</doc>
<status status="PASS" start="2024-05-28T14:48:55.016258" elapsed="15.480781"/>
</suite>
<suite id="s1-s1-s1-s8" name="Test Valid Doctorlogin" source="C:\Users\KARTHIPRIYA R\OneDrive\Desktop\SmartHospital\Smart_Hospital\TestCases\Test_Valid_Doctorlogin.robot">
<test id="s1-s1-s1-s8-t1" name="Successfull doctor login by clicking doctor login button" line="12">
<kw name="Open the browser with url" owner="GenericResources" type="SETUP">
<kw name="Create Webdriver" owner="SeleniumLibrary">
<msg time="2024-05-28T14:49:10.515139" level="INFO">Creating an instance of the Chrome WebDriver.</msg>
<arg>Chrome</arg>
<doc>Creates an instance of Selenium WebDriver.</doc>
<status status="PASS" start="2024-05-28T14:49:10.514148" elapsed="1.510732"/>
</kw>
<kw name="Go To" owner="SeleniumLibrary">
<msg time="2024-05-28T14:49:12.024880" level="INFO">Opening url 'https://demo.smart-hospital.in/'</msg>
<arg>${url}</arg>
<doc>Navigates the current browser window to the provided ``url``.</doc>
<status status="PASS" start="2024-05-28T14:49:12.024880" elapsed="4.297553"/>
</kw>
<kw name="Maximize Browser Window" owner="SeleniumLibrary">
<doc>Maximizes current browser window.</doc>
<status status="PASS" start="2024-05-28T14:49:16.322433" elapsed="0.035931"/>
</kw>
<kw name="Set Selenium Implicit Wait" owner="SeleniumLibrary">
<arg>5</arg>
<doc>Sets the implicit wait value used by Selenium.</doc>
<status status="PASS" start="2024-05-28T14:49:16.358364" elapsed="0.000997"/>
</kw>
<status status="PASS" start="2024-05-28T14:49:10.514148" elapsed="5.845213"/>
</kw>
<kw name="Click the login in button" owner="GenericResources">
<kw name="Click Element" owner="SeleniumLibrary">
<msg time="2024-05-28T14:49:16.360405" level="INFO">Clicking element '//i[@class="fa fa-user"]//parent::a'.</msg>
<arg>${login_button}</arg>
<doc>Click the element identified by ``locator``.</doc>
<status status="PASS" start="2024-05-28T14:49:16.360405" elapsed="4.522774"/>
</kw>
<status status="PASS" start="2024-05-28T14:49:16.360405" elapsed="4.522774"/>
</kw>
<kw name="Fill the successfull login form by clicking the doctor role" owner="LoginResources">
<kw name="Click Link" owner="SeleniumLibrary">
<msg time="2024-05-28T14:49:20.884491" level="INFO">Clicking link 'xpath://i[@class="fa fa-user"]//parent::a'.</msg>
<arg>${admin_login_button}</arg>
<doc>Clicks a link identified by ``locator``.</doc>
<status status="PASS" start="2024-05-28T14:49:20.884491" elapsed="0.461316"/>
</kw>
<kw name="Switch Window" owner="SeleniumLibrary">
<arg>new</arg>
<doc>Switches to browser window matching ``locator``.</doc>
<status status="PASS" start="2024-05-28T14:49:21.346303" elapsed="0.013269"/>
</kw>
<kw name="Click Link" owner="SeleniumLibrary">
<msg time="2024-05-28T14:49:21.359572" level="INFO">Clicking link 'xpath://a[text()='Doctor']'.</msg>
<arg>${valid_doctor_button}</arg>
<doc>Clicks a link identified by ``locator``.</doc>
<status status="PASS" start="2024-05-28T14:49:21.359572" elapsed="1.051232"/>
</kw>
<kw name="Click Button" owner="SeleniumLibrary">
<msg time="2024-05-28T14:49:22.412371" level="INFO">Clicking button 'css:button[class='btn']'.</msg>
<arg>${signin_button}</arg>
<doc>Clicks the button identified by ``locator``.</doc>
<status status="PASS" start="2024-05-28T14:49:22.412133" elapsed="5.643990"/>
</kw>
<status status="PASS" start="2024-05-28T14:49:20.884035" elapsed="7.172088"/>
</kw>
<kw name="Verify the successfull login with valid credentials for doctor" owner="LoginResources">
<kw name="Click Link" owner="SeleniumLibrary">
<msg time="2024-05-28T14:49:28.056123" level="INFO">Clicking link 'css:a[class="dropdown-toggle"]'.</msg>
<arg>${pofile_icon}</arg>
<doc>Clicks a link identified by ``locator``.</doc>
<status status="PASS" start="2024-05-28T14:49:28.056123" elapsed="0.133164"/>
</kw>
<kw name="Wait Until Element Is Enabled" owner="SeleniumLibrary">
<arg>${profile_name}</arg>
<doc>Waits until the element ``locator`` is enabled.</doc>
<status status="PASS" start="2024-05-28T14:49:28.189287" elapsed="0.039139"/>
</kw>
<kw name="Element Text Should Be" owner="SeleniumLibrary">
<msg time="2024-05-28T14:49:28.228426" level="INFO">Verifying element 'css:div[class="sstopuser-test"] h5' contains exact text 'Doctor'.</msg>
<arg>${profile_name}</arg>
<arg>Doctor</arg>
<doc>Verifies that element ``locator`` contains exact the text ``expected``.</doc>
<status status="PASS" start="2024-05-28T14:49:28.228426" elapsed="0.025572"/>
</kw>
<status status="PASS" start="2024-05-28T14:49:28.056123" elapsed="0.197875"/>
</kw>
<kw name="Close the browser" owner="GenericResources" type="TEARDOWN">
<kw name="Close Browser" owner="SeleniumLibrary">
<doc>Closes the current browser.</doc>
<status status="PASS" start="2024-05-28T14:49:28.255129" elapsed="2.261506"/>
</kw>
<status status="PASS" start="2024-05-28T14:49:28.253998" elapsed="2.262637"/>
</kw>
<status status="PASS" start="2024-05-28T14:49:10.514148" elapsed="20.003541"/>
</test>
<test id="s1-s1-s1-s8-t2" name="Successful patient login by the default login credentials" line="17">
<kw name="Open the browser with url" owner="GenericResources" type="SETUP">
<kw name="Create Webdriver" owner="SeleniumLibrary">
<msg time="2024-05-28T14:49:30.520627" level="INFO">Creating an instance of the Chrome WebDriver.</msg>
<arg>Chrome</arg>
<doc>Creates an instance of Selenium WebDriver.</doc>
<status status="PASS" start="2024-05-28T14:49:30.520627" elapsed="1.474434"/>
</kw>
<kw name="Go To" owner="SeleniumLibrary">
<msg time="2024-05-28T14:49:31.995061" level="INFO">Opening url 'https://demo.smart-hospital.in/'</msg>
<arg>${url}</arg>
<doc>Navigates the current browser window to the provided ``url``.</doc>
<status status="PASS" start="2024-05-28T14:49:31.995061" elapsed="3.682235"/>
</kw>
<kw name="Maximize Browser Window" owner="SeleniumLibrary">
<doc>Maximizes current browser window.</doc>
<status status="PASS" start="2024-05-28T14:49:35.677569" elapsed="0.022362"/>
</kw>
<kw name="Set Selenium Implicit Wait" owner="SeleniumLibrary">
<arg>5</arg>
<doc>Sets the implicit wait value used by Selenium.</doc>
<status status="PASS" start="2024-05-28T14:49:35.700928" elapsed="0.002512"/>
</kw>
<status status="PASS" start="2024-05-28T14:49:30.519631" elapsed="5.183959"/>
</kw>
<kw name="Click the login in button" owner="GenericResources">
<kw name="Click Element" owner="SeleniumLibrary">
<msg time="2024-05-28T14:49:35.704140" level="INFO">Clicking element '//i[@class="fa fa-user"]//parent::a'.</msg>
<arg>${login_button}</arg>
<doc>Click the element identified by ``locator``.</doc>
<status status="PASS" start="2024-05-28T14:49:35.704140" elapsed="3.262484"/>
</kw>
<status status="PASS" start="2024-05-28T14:49:35.703643" elapsed="3.262981"/>
</kw>
<kw name="Fill the login form by default credentials for user role" owner="LoginResources">
<kw name="Click Button" owner="SeleniumLibrary">
<msg time="2024-05-28T14:49:38.967634" level="INFO">Clicking button 'css:button[class='btn']'.</msg>
<arg>${signin_button}</arg>
<doc>Clicks the button identified by ``locator``.</doc>
<status status="PASS" start="2024-05-28T14:49:38.967634" elapsed="5.034712"/>
</kw>
<status status="PASS" start="2024-05-28T14:49:38.966624" elapsed="5.036714"/>
</kw>
<kw name="Verify the successfull login with valid credentials for user" owner="LoginResources">
<kw name="Click Link" owner="SeleniumLibrary">
<msg time="2024-05-28T14:49:44.003338" level="INFO">Clicking link 'css:a[class="dropdown-toggle"]'.</msg>
<arg>${pofile_icon}</arg>
<doc>Clicks a link identified by ``locator``.</doc>
<status status="PASS" start="2024-05-28T14:49:44.003338" elapsed="0.078626"/>
</kw>
<kw name="Wait Until Element Is Enabled" owner="SeleniumLibrary">
<arg>${profile_name}</arg>
<doc>Waits until the element ``locator`` is enabled.</doc>
<status status="PASS" start="2024-05-28T14:49:44.083101" elapsed="0.129668"/>
</kw>
<kw name="Element Text Should Be" owner="SeleniumLibrary">
<msg time="2024-05-28T14:49:44.212769" level="INFO">Verifying element 'css:div[class="sstopuser-test"] h5' contains exact text 'Patient'.</msg>
<arg>${profile_name}</arg>
<arg>Patient</arg>
<doc>Verifies that element ``locator`` contains exact the text ``expected``.</doc>
<status status="PASS" start="2024-05-28T14:49:44.212769" elapsed="0.056160"/>
</kw>
<status status="PASS" start="2024-05-28T14:49:44.003338" elapsed="0.265591"/>
</kw>
<kw name="Close the browser" owner="GenericResources" type="TEARDOWN">
<kw name="Close Browser" owner="SeleniumLibrary">
<doc>Closes the current browser.</doc>
<status status="PASS" start="2024-05-28T14:49:44.270337" elapsed="2.269116"/>
</kw>
<status status="PASS" start="2024-05-28T14:49:44.268929" elapsed="2.270680"/>
</kw>
<status status="PASS" start="2024-05-28T14:49:30.517689" elapsed="16.021920"/>
</test>
<doc>Test case for the valid doctor login</doc>
<status status="PASS" start="2024-05-28T14:49:10.498039" elapsed="36.042018"/>
</suite>
<suite id="s1-s1-s1-s9" name="Test Valid NotificationDelete" source="C:\Users\KARTHIPRIYA R\OneDrive\Desktop\SmartHospital\Smart_Hospital\TestCases\Test_Valid_NotificationDelete.robot">
<test id="s1-s1-s1-s9-t1" name="Sucsessfull deletion of notification message" line="13">
<kw name="Open the browser with url" owner="GenericResources" type="SETUP">
<kw name="Create Webdriver" owner="SeleniumLibrary">
<msg time="2024-05-28T14:49:46.547470" level="INFO">Creating an instance of the Chrome WebDriver.</msg>
<arg>Chrome</arg>
<doc>Creates an instance of Selenium WebDriver.</doc>
<status status="PASS" start="2024-05-28T14:49:46.546473" elapsed="1.443998"/>
</kw>
<kw name="Go To" owner="SeleniumLibrary">
<msg time="2024-05-28T14:49:47.990471" level="INFO">Opening url 'https://demo.smart-hospital.in/'</msg>
<arg>${url}</arg>
<doc>Navigates the current browser window to the provided ``url``.</doc>
<status status="PASS" start="2024-05-28T14:49:47.990471" elapsed="2.628763"/>
</kw>
<kw name="Maximize Browser Window" owner="SeleniumLibrary">
<doc>Maximizes current browser window.</doc>
<status status="PASS" start="2024-05-28T14:49:50.619234" elapsed="0.026435"/>
</kw>
<kw name="Set Selenium Implicit Wait" owner="SeleniumLibrary">
<arg>5</arg>
<doc>Sets the implicit wait value used by Selenium.</doc>
<status status="PASS" start="2024-05-28T14:49:50.646671" elapsed="0.001122"/>
</kw>
<status status="PASS" start="2024-05-28T14:49:46.546473" elapsed="4.101320"/>
</kw>
<kw name="Click the login in button" owner="GenericResources">
<kw name="Click Element" owner="SeleniumLibrary">
<msg time="2024-05-28T14:49:50.648804" level="INFO">Clicking element '//i[@class="fa fa-user"]//parent::a'.</msg>
<arg>${login_button}</arg>
<doc>Click the element identified by ``locator``.</doc>
<status status="PASS" start="2024-05-28T14:49:50.648804" elapsed="2.126654"/>
</kw>
<status status="PASS" start="2024-05-28T14:49:50.647793" elapsed="2.128660"/>
</kw>
<kw name="Fill the successfull login form by clicking the doctor role" owner="LoginResources">
<kw name="Click Link" owner="SeleniumLibrary">
<msg time="2024-05-28T14:49:52.776453" level="INFO">Clicking link 'xpath://i[@class="fa fa-user"]//parent::a'.</msg>
<arg>${admin_login_button}</arg>
<doc>Clicks a link identified by ``locator``.</doc>
<status status="PASS" start="2024-05-28T14:49:52.776453" elapsed="0.486756"/>
</kw>
<kw name="Switch Window" owner="SeleniumLibrary">
<arg>new</arg>
<doc>Switches to browser window matching ``locator``.</doc>
<status status="PASS" start="2024-05-28T14:49:53.263706" elapsed="0.014976"/>
</kw>
<kw name="Click Link" owner="SeleniumLibrary">
<msg time="2024-05-28T14:49:53.278682" level="INFO">Clicking link 'xpath://a[text()='Doctor']'.</msg>
<arg>${valid_doctor_button}</arg>
<doc>Clicks a link identified by ``locator``.</doc>
<status status="PASS" start="2024-05-28T14:49:53.278682" elapsed="1.187489"/>
</kw>
<kw name="Click Button" owner="SeleniumLibrary">
<msg time="2024-05-28T14:49:54.466171" level="INFO">Clicking button 'css:button[class='btn']'.</msg>
<arg>${signin_button}</arg>
<doc>Clicks the button identified by ``locator``.</doc>
<status status="PASS" start="2024-05-28T14:49:54.466171" elapsed="4.888301"/>
</kw>
<status status="PASS" start="2024-05-28T14:49:52.776453" elapsed="6.578019"/>
</kw>
<kw name="Verify the successfull login with valid credentials for doctor" owner="LoginResources">
<kw name="Click Link" owner="SeleniumLibrary">
<msg time="2024-05-28T14:49:59.355696" level="INFO">Clicking link 'css:a[class="dropdown-toggle"]'.</msg>
<arg>${pofile_icon}</arg>
<doc>Clicks a link identified by ``locator``.</doc>
<status status="PASS" start="2024-05-28T14:49:59.355696" elapsed="0.106404"/>
</kw>
<kw name="Wait Until Element Is Enabled" owner="SeleniumLibrary">
<arg>${profile_name}</arg>
<doc>Waits until the element ``locator`` is enabled.</doc>
<status status="PASS" start="2024-05-28T14:49:59.462100" elapsed="0.039991"/>
</kw>
<kw name="Element Text Should Be" owner="SeleniumLibrary">
<msg time="2024-05-28T14:49:59.502091" level="INFO">Verifying element 'css:div[class="sstopuser-test"] h5' contains exact text 'Doctor'.</msg>
<arg>${profile_name}</arg>
<arg>Doctor</arg>
<doc>Verifies that element ``locator`` contains exact the text ``expected``.</doc>
<status status="PASS" start="2024-05-28T14:49:59.502091" elapsed="0.027572"/>
</kw>
<status status="PASS" start="2024-05-28T14:49:59.354472" elapsed="0.175730"/>
</kw>
<kw name="Delete the all notification message" owner="DoctorResources">
<kw name="Click Link" owner="SeleniumLibrary">
<msg time="2024-05-28T14:49:59.530202" level="INFO">Clicking link 'xpath://i[@class="fa fa-bell-o"]//parent::a'.</msg>
<arg>${notification_icon}</arg>
<doc>Clicks a link identified by ``locator``.</doc>
<status status="PASS" start="2024-05-28T14:49:59.530202" elapsed="0.610033"/>
</kw>
<kw name="Click Button" owner="SeleniumLibrary">
<msg time="2024-05-28T14:50:00.141283" level="INFO">Clicking button 'xpath://i[@class="fa fa-trash"]//parent::button'.</msg>
<arg>${delete_notification_button}</arg>
<doc>Clicks the button identified by ``locator``.</doc>
<status status="PASS" start="2024-05-28T14:50:00.141283" elapsed="0.090942"/>
</kw>
<kw name="Alert Should Be Present" owner="SeleniumLibrary">
<msg time="2024-05-28T14:50:00.233222" level="INFO">HANDLE::&lt;class 'NoneType'&gt;::None</msg>
<doc>Verifies that an alert is present and by default, accepts it.</doc>
<status status="PASS" start="2024-05-28T14:50:00.233222" elapsed="0.005592"/>
</kw>
<status status="PASS" start="2024-05-28T14:49:59.530202" elapsed="0.708612"/>
</kw>
<kw name="Verify sucsessfull deletion of all notification messages" owner="DoctorResources">
<kw name="Click Link" owner="SeleniumLibrary">
<msg time="2024-05-28T14:50:00.240365" level="INFO">Clicking link 'xpath://i[@class="fa fa-bell-o"]//parent::a'.</msg>
<arg>${notification_icon}</arg>
<doc>Clicks a link identified by ``locator``.</doc>
<status status="PASS" start="2024-05-28T14:50:00.239864" elapsed="0.423010"/>
</kw>
<kw name="Element Text Should Be" owner="SeleniumLibrary">
<msg time="2024-05-28T14:50:00.663877" level="INFO">Verifying element 'css:div[class="alert alert-danger"]' contains exact text 'No Record Found'.</msg>
<arg>css:div[class="alert alert-danger"]</arg>
<arg>No Record Found</arg>
<doc>Verifies that element ``locator`` contains exact the text ``expected``.</doc>
<status status="PASS" start="2024-05-28T14:50:00.663877" elapsed="0.027902"/>
</kw>
<status status="PASS" start="2024-05-28T14:50:00.239864" elapsed="0.451915"/>
</kw>
<kw name="Close the browser" owner="GenericResources" type="TEARDOWN">
<kw name="Close Browser" owner="SeleniumLibrary">
<doc>Closes the current browser.</doc>
<status status="PASS" start="2024-05-28T14:50:00.691779" elapsed="2.282113"/>
</kw>
<status status="PASS" start="2024-05-28T14:50:00.691779" elapsed="2.283123"/>
</kw>
<status status="PASS" start="2024-05-28T14:49:46.546473" elapsed="16.428429"/>
</test>
<doc>Test case for valid delete all notification messages</doc>
<status status="PASS" start="2024-05-28T14:49:46.540429" elapsed="16.434473"/>
</suite>
<suite id="s1-s1-s1-s10" name="Test Valid Update Bedstatus" source="C:\Users\KARTHIPRIYA R\OneDrive\Desktop\SmartHospital\Smart_Hospital\TestCases\Test_Valid_Update_Bedstatus.robot">
<test id="s1-s1-s1-s10-t1" name="Successfull update of bedstaus" line="12">
<kw name="Open the browser with url" owner="GenericResources" type="SETUP">
<kw name="Create Webdriver" owner="SeleniumLibrary">
<msg time="2024-05-28T14:50:02.992837" level="INFO">Creating an instance of the Chrome WebDriver.</msg>
<arg>Chrome</arg>
<doc>Creates an instance of Selenium WebDriver.</doc>
<status status="PASS" start="2024-05-28T14:50:02.992837" elapsed="1.491913"/>
</kw>
<kw name="Go To" owner="SeleniumLibrary">
<msg time="2024-05-28T14:50:04.484750" level="INFO">Opening url 'https://demo.smart-hospital.in/'</msg>
<arg>${url}</arg>
<doc>Navigates the current browser window to the provided ``url``.</doc>
<status status="PASS" start="2024-05-28T14:50:04.484750" elapsed="3.753972"/>
</kw>
<kw name="Maximize Browser Window" owner="SeleniumLibrary">
<doc>Maximizes current browser window.</doc>
<status status="PASS" start="2024-05-28T14:50:08.238722" elapsed="0.023089"/>
</kw>
<kw name="Set Selenium Implicit Wait" owner="SeleniumLibrary">
<arg>5</arg>
<doc>Sets the implicit wait value used by Selenium.</doc>
<status status="PASS" start="2024-05-28T14:50:08.261811" elapsed="0.001991"/>
</kw>
<status status="PASS" start="2024-05-28T14:50:02.991840" elapsed="5.271962"/>
</kw>
<kw name="Click the login in button" owner="GenericResources">
<kw name="Click Element" owner="SeleniumLibrary">
<msg time="2024-05-28T14:50:08.263802" level="INFO">Clicking element '//i[@class="fa fa-user"]//parent::a'.</msg>
<arg>${login_button}</arg>
<doc>Click the element identified by ``locator``.</doc>
<status status="PASS" start="2024-05-28T14:50:08.263802" elapsed="2.439943"/>
</kw>
<status status="PASS" start="2024-05-28T14:50:08.263802" elapsed="2.441120"/>
</kw>
<kw name="Fill the successfull login form by clicking the doctor role" owner="LoginResources">
<kw name="Click Link" owner="SeleniumLibrary">
<msg time="2024-05-28T14:50:10.705788" level="INFO">Clicking link 'xpath://i[@class="fa fa-user"]//parent::a'.</msg>
<arg>${admin_login_button}</arg>
<doc>Clicks a link identified by ``locator``.</doc>
<status status="PASS" start="2024-05-28T14:50:10.705788" elapsed="0.473778"/>
</kw>
<kw name="Switch Window" owner="SeleniumLibrary">
<arg>new</arg>
<doc>Switches to browser window matching ``locator``.</doc>
<status status="PASS" start="2024-05-28T14:50:11.180246" elapsed="0.015161"/>
</kw>
<kw name="Click Link" owner="SeleniumLibrary">
<msg time="2024-05-28T14:50:11.195407" level="INFO">Clicking link 'xpath://a[text()='Doctor']'.</msg>
<arg>${valid_doctor_button}</arg>
<doc>Clicks a link identified by ``locator``.</doc>
<status status="PASS" start="2024-05-28T14:50:11.195407" elapsed="1.194106"/>
</kw>
<kw name="Click Button" owner="SeleniumLibrary">
<msg time="2024-05-28T14:50:12.389513" level="INFO">Clicking button 'css:button[class='btn']'.</msg>
<arg>${signin_button}</arg>
<doc>Clicks the button identified by ``locator``.</doc>
<status status="PASS" start="2024-05-28T14:50:12.389513" elapsed="4.708103"/>
</kw>
<status status="PASS" start="2024-05-28T14:50:10.705321" elapsed="6.392295"/>
</kw>
<kw name="Verify the successfull login with valid credentials for doctor" owner="LoginResources">
<kw name="Click Link" owner="SeleniumLibrary">
<msg time="2024-05-28T14:50:17.098737" level="INFO">Clicking link 'css:a[class="dropdown-toggle"]'.</msg>
<arg>${pofile_icon}</arg>
<doc>Clicks a link identified by ``locator``.</doc>
<status status="PASS" start="2024-05-28T14:50:17.098737" elapsed="0.110219"/>
</kw>
<kw name="Wait Until Element Is Enabled" owner="SeleniumLibrary">
<arg>${profile_name}</arg>
<doc>Waits until the element ``locator`` is enabled.</doc>
<status status="PASS" start="2024-05-28T14:50:17.208956" elapsed="0.040586"/>
</kw>
<kw name="Element Text Should Be" owner="SeleniumLibrary">
<msg time="2024-05-28T14:50:17.250544" level="INFO">Verifying element 'css:div[class="sstopuser-test"] h5' contains exact text 'Doctor'.</msg>
<arg>${profile_name}</arg>
<arg>Doctor</arg>
<doc>Verifies that element ``locator`` contains exact the text ``expected``.</doc>
<status status="PASS" start="2024-05-28T14:50:17.250544" elapsed="0.030355"/>
</kw>
<status status="PASS" start="2024-05-28T14:50:17.097616" elapsed="0.183283"/>
</kw>
<kw name="Successfull update of the bed status" owner="DoctorResources">
<kw name="Click Link" owner="SeleniumLibrary">
<msg time="2024-05-28T14:50:17.280899" level="INFO">Clicking link 'xpath://i[@class="fas fa-bed cal15"]//parent::a'.</msg>
<arg>${betstatus_icon}</arg>
<doc>Clicks a link identified by ``locator``.</doc>
<status status="PASS" start="2024-05-28T14:50:17.280899" elapsed="0.076195"/>
</kw>
<kw name="Click Element" owner="SeleniumLibrary">
<msg time="2024-05-28T14:50:17.358129" level="INFO">Clicking element 'xpath://div[text()='FF - 145']'.</msg>
<msg time="2024-05-28T14:50:22.485058" level="INFO" html="true">&lt;/td&gt;&lt;/tr&gt;&lt;tr&gt;&lt;td colspan="3"&gt;&lt;a href="selenium-screenshot-3.png"&gt;&lt;img src="selenium-screenshot-3.png" width="800px"&gt;&lt;/a&gt;</msg>
<msg time="2024-05-28T14:50:22.485058" level="FAIL">Element with locator 'xpath://div[text()='FF - 145']' not found.</msg>
<arg>${bed_145}</arg>
<doc>Click the element identified by ``locator``.</doc>
<status status="FAIL" start="2024-05-28T14:50:17.357094" elapsed="5.128462">Element with locator 'xpath://div[text()='FF - 145']' not found.</status>
</kw>
<kw name="Click Element" owner="SeleniumLibrary">
<arg>${patientSelect_field}</arg>
<doc>Click the element identified by ``locator``.</doc>
<status status="NOT RUN" start="2024-05-28T14:50:22.486562" elapsed="0.000000"/>
</kw>
[...]
</kw>
<kw name="Click Element" owner="SeleniumLibrary">
<arg>${Addmision_date}</arg>
<doc>Click the element identified by ``locator``.</doc>
<status status="NOT RUN" start="2024-05-28T14:54:44.674313" elapsed="0.000000"/>
</kw>
<kw name="Select From List By Value" owner="SeleniumLibrary">
<arg>${doctal_consultant_select}</arg>
<arg>11</arg>
<doc>Selects options from selection list ``locator`` by ``values``.</doc>
<status status="NOT RUN" start="2024-05-28T14:54:44.675305" elapsed="0.000037"/>
</kw>
<kw name="Click Button" owner="SeleniumLibrary">
<arg>${bed_status_save_button}</arg>
<doc>Clicks the button identified by ``locator``.</doc>
<status status="NOT RUN" start="2024-05-28T14:54:44.675342" elapsed="0.000000"/>
</kw>
<status status="FAIL" start="2024-05-28T14:54:39.436044" elapsed="5.239298">Element with locator 'xpath://div[text()='FF - 145']' not found.</status>
</kw>
<kw name="Verify the successfull updation of the bed status" owner="DoctorResources">
<status status="NOT RUN" start="2024-05-28T14:54:44.675838" elapsed="0.000000"/>
</kw>
<kw name="Close the browser" owner="GenericResources" type="TEARDOWN">
<kw name="Close Browser" owner="SeleniumLibrary">
<doc>Closes the current browser.</doc>
<status status="PASS" start="2024-05-28T14:54:44.676466" elapsed="3.867392"/>
</kw>
<status status="PASS" start="2024-05-28T14:54:44.675936" elapsed="3.867922"/>
</kw>
<tag>smoke</tag>
<status status="FAIL" start="2024-05-28T14:54:19.847169" elapsed="28.697605">Element with locator 'xpath://div[text()='FF - 145']' not found.</status>
</test>
<doc>Test case for the valid bed status update</doc>
<status status="FAIL" start="2024-05-28T14:54:19.833029" elapsed="28.711745"/>
</suite>
<suite id="s1-s2-s11" name="Test Valid Userlogin" source="C:\Users\KARTHIPRIYA R\OneDrive\Desktop\SmartHospital\TestCases\Test_Valid_Userlogin.robot">
<test id="s1-s2-s11-t1" name="Successful patient login by the default login credentials" line="12">
<kw name="Open the browser with url" owner="GenericResources" type="SETUP">
<kw name="Create Webdriver" owner="SeleniumLibrary">
<msg time="2024-05-28T14:54:48.564761" level="INFO">Creating an instance of the Chrome WebDriver.</msg>
<arg>Chrome</arg>
<doc>Creates an instance of Selenium WebDriver.</doc>
<status status="PASS" start="2024-05-28T14:54:48.563745" elapsed="1.630473"/>
</kw>
<kw name="Go To" owner="SeleniumLibrary">
<msg time="2024-05-28T14:54:50.194218" level="INFO">Opening url 'https://demo.smart-hospital.in/'</msg>
<arg>${url}</arg>
<doc>Navigates the current browser window to the provided ``url``.</doc>
<status status="PASS" start="2024-05-28T14:54:50.194218" elapsed="2.740969"/>
</kw>
<kw name="Maximize Browser Window" owner="SeleniumLibrary">
<doc>Maximizes current browser window.</doc>
<status status="PASS" start="2024-05-28T14:54:52.936040" elapsed="0.035128"/>
</kw>
<kw name="Set Selenium Implicit Wait" owner="SeleniumLibrary">
<arg>5</arg>
<doc>Sets the implicit wait value used by Selenium.</doc>
<status status="PASS" start="2024-05-28T14:54:52.971168" elapsed="0.001002"/>
</kw>
<status status="PASS" start="2024-05-28T14:54:48.563745" elapsed="4.408425"/>
</kw>
<kw name="Click the login in button" owner="GenericResources">
<kw name="Click Element" owner="SeleniumLibrary">
<msg time="2024-05-28T14:54:52.973161" level="INFO">Clicking element '//i[@class="fa fa-user"]//parent::a'.</msg>
<arg>${login_button}</arg>
<doc>Click the element identified by ``locator``.</doc>
<status status="PASS" start="2024-05-28T14:54:52.973161" elapsed="2.144301"/>
</kw>
<status status="PASS" start="2024-05-28T14:54:52.973161" elapsed="2.145385"/>
</kw>
<kw name="Fill the login form by default credentials for user role" owner="LoginResources">
<kw name="Click Button" owner="SeleniumLibrary">
<msg time="2024-05-28T14:54:55.119319" level="INFO">Clicking button 'css:button[class='btn']'.</msg>
<arg>${signin_button}</arg>
<doc>Clicks the button identified by ``locator``.</doc>
<status status="PASS" start="2024-05-28T14:54:55.118546" elapsed="5.233188"/>
</kw>
<status status="PASS" start="2024-05-28T14:54:55.118546" elapsed="5.233188"/>
</kw>
<kw name="Verify the successfull login with valid credentials for user" owner="LoginResources">
<kw name="Click Link" owner="SeleniumLibrary">
<msg time="2024-05-28T14:55:00.353849" level="INFO">Clicking link 'css:a[class="dropdown-toggle"]'.</msg>
<arg>${pofile_icon}</arg>
<doc>Clicks a link identified by ``locator``.</doc>
<status status="PASS" start="2024-05-28T14:55:00.353544" elapsed="0.110865"/>
</kw>
<kw name="Wait Until Element Is Enabled" owner="SeleniumLibrary">
<arg>${profile_name}</arg>
<doc>Waits until the element ``locator`` is enabled.</doc>
<status status="PASS" start="2024-05-28T14:55:00.465405" elapsed="0.062615"/>
</kw>
<kw name="Element Text Should Be" owner="SeleniumLibrary">
<msg time="2024-05-28T14:55:00.528020" level="INFO">Verifying element 'css:div[class="sstopuser-test"] h5' contains exact text 'Patient'.</msg>
<arg>${profile_name}</arg>
<arg>Patient</arg>
<doc>Verifies that element ``locator`` contains exact the text ``expected``.</doc>
<status status="PASS" start="2024-05-28T14:55:00.528020" elapsed="0.035008"/>
</kw>
<status status="PASS" start="2024-05-28T14:55:00.351734" elapsed="0.211294"/>
</kw>
<kw name="Close the browser" owner="GenericResources" type="TEARDOWN">
<kw name="Close Browser" owner="SeleniumLibrary">
<doc>Closes the current browser.</doc>
<status status="PASS" start="2024-05-28T14:55:00.564082" elapsed="2.252647"/>
</kw>
<status status="PASS" start="2024-05-28T14:55:00.564082" elapsed="2.252647"/>
</kw>
<status status="PASS" start="2024-05-28T14:54:48.562764" elapsed="14.253965"/>
</test>
<doc>Test case for the valid user login</doc>
<status status="PASS" start="2024-05-28T14:54:48.545808" elapsed="14.271922"/>
</suite>
<suite id="s1-s2-s12" name="Test Valid Viewbilldetails" source="C:\Users\KARTHIPRIYA R\OneDrive\Desktop\SmartHospital\TestCases\Test_Valid_Viewbilldetails.robot">
<test id="s1-s2-s12-t1" name="Successfull search for a bill using bill number" line="11">
<kw name="Open the browser with url" owner="GenericResources" type="SETUP">
<kw name="Create Webdriver" owner="SeleniumLibrary">
<msg time="2024-05-28T14:55:02.834020" level="INFO">Creating an instance of the Chrome WebDriver.</msg>
<arg>Chrome</arg>
<doc>Creates an instance of Selenium WebDriver.</doc>
<status status="PASS" start="2024-05-28T14:55:02.834020" elapsed="1.461559"/>
</kw>
<kw name="Go To" owner="SeleniumLibrary">
<msg time="2024-05-28T14:55:04.295579" level="INFO">Opening url 'https://demo.smart-hospital.in/'</msg>
<arg>${url}</arg>
<doc>Navigates the current browser window to the provided ``url``.</doc>
<status status="PASS" start="2024-05-28T14:55:04.295579" elapsed="4.282266"/>
</kw>
<kw name="Maximize Browser Window" owner="SeleniumLibrary">
<doc>Maximizes current browser window.</doc>
<status status="PASS" start="2024-05-28T14:55:08.578867" elapsed="0.037598"/>
</kw>
<kw name="Set Selenium Implicit Wait" owner="SeleniumLibrary">
<arg>5</arg>
<doc>Sets the implicit wait value used by Selenium.</doc>
<status status="PASS" start="2024-05-28T14:55:08.616465" elapsed="0.003049"/>
</kw>
<status status="PASS" start="2024-05-28T14:55:02.834020" elapsed="5.785989"/>
</kw>
<kw name="Click the login in button" owner="GenericResources">
<kw name="Click Element" owner="SeleniumLibrary">
<msg time="2024-05-28T14:55:08.620840" level="INFO">Clicking element '//i[@class="fa fa-user"]//parent::a'.</msg>
<arg>${login_button}</arg>
<doc>Click the element identified by ``locator``.</doc>
<status status="PASS" start="2024-05-28T14:55:08.620718" elapsed="2.839805"/>
</kw>
<status status="PASS" start="2024-05-28T14:55:08.620009" elapsed="2.840514"/>
</kw>
<kw name="Fill the login form by default credentials for user role" owner="LoginResources">
<kw name="Click Button" owner="SeleniumLibrary">
<msg time="2024-05-28T14:55:11.461696" level="INFO">Clicking button 'css:button[class='btn']'.</msg>
<arg>${signin_button}</arg>
<doc>Clicks the button identified by ``locator``.</doc>
<status status="PASS" start="2024-05-28T14:55:11.461696" elapsed="4.778814"/>
</kw>
<status status="PASS" start="2024-05-28T14:55:11.460523" elapsed="4.780484"/>
</kw>
<kw name="Verify the successfull login with valid credentials for user" owner="LoginResources">
<kw name="Click Link" owner="SeleniumLibrary">
<msg time="2024-05-28T14:55:16.241832" level="INFO">Clicking link 'css:a[class="dropdown-toggle"]'.</msg>
<arg>${pofile_icon}</arg>
<doc>Clicks a link identified by ``locator``.</doc>
<status status="PASS" start="2024-05-28T14:55:16.241832" elapsed="0.407214"/>
</kw>
<kw name="Wait Until Element Is Enabled" owner="SeleniumLibrary">
<arg>${profile_name}</arg>
<doc>Waits until the element ``locator`` is enabled.</doc>
<status status="PASS" start="2024-05-28T14:55:16.649614" elapsed="0.800932"/>
</kw>
<kw name="Element Text Should Be" owner="SeleniumLibrary">
<msg time="2024-05-28T14:55:17.451040" level="INFO">Verifying element 'css:div[class="sstopuser-test"] h5' contains exact text 'Patient'.</msg>
<arg>${profile_name}</arg>
<arg>Patient</arg>
<doc>Verifies that element ``locator`` contains exact the text ``expected``.</doc>
<status status="PASS" start="2024-05-28T14:55:17.450546" elapsed="0.346252"/>
</kw>
<status status="PASS" start="2024-05-28T14:55:16.241007" elapsed="1.556155"/>
</kw>
<kw name="Sucessfull search by bill number" owner="UserResources">
<kw name="Click Link" owner="SeleniumLibrary">
<msg time="2024-05-28T14:55:17.798411" level="INFO">Clicking link 'xpath://i[@class="fas fa-mortar-pestle"]//parent::a'.</msg>
<arg>${pharmacy_option}</arg>
<doc>Clicks a link identified by ``locator``.</doc>
<status status="PASS" start="2024-05-28T14:55:17.798351" elapsed="2.507556"/>
</kw>
<kw name="Wait Until Element Is Enabled" owner="SeleniumLibrary">
<arg>${pharmacy_bill_search_field}</arg>
<doc>Waits until the element ``locator`` is enabled.</doc>
<status status="PASS" start="2024-05-28T14:55:20.307541" elapsed="0.356022"/>
</kw>
<kw name="Input Text" owner="SeleniumLibrary">
<msg time="2024-05-28T14:55:20.664571" level="INFO">Typing text 'PHARMAB307' into text field 'css:input[type="search"]'.</msg>
<arg>${pharmacy_bill_search_field}</arg>
<arg>PHARMAB307</arg>
<doc>Types the given ``text`` into the text field identified by ``locator``.</doc>
<status status="PASS" start="2024-05-28T14:55:20.664075" elapsed="4.071065"/>
</kw>
<status status="PASS" start="2024-05-28T14:55:17.797660" elapsed="6.941255"/>
</kw>
<kw name="Verify the successfull search by bill number" owner="UserResources">
<kw name="Wait Until Element Is Visible" owner="SeleniumLibrary">
<arg>${pharmacy_bill_record_assert}</arg>
<doc>Waits until the element ``locator`` is visible.</doc>
<status status="PASS" start="2024-05-28T14:55:24.741531" elapsed="1.298626"/>
</kw>
<kw name="Should Not Contain" owner="BuiltIn">
<arg>${pharmacy_bill_record_assert}</arg>
<arg>Records: 0 to 0 of 0</arg>
<doc>Fails if ``container`` contains ``item`` one or more times.</doc>
<status status="PASS" start="2024-05-28T14:55:26.040651" elapsed="0.000996"/>
</kw>
<status status="PASS" start="2024-05-28T14:55:24.740429" elapsed="1.301712"/>
</kw>
<kw name="Successfull view of the bill details" owner="UserResources">
<kw name="Wait Until Element Is Enabled" owner="SeleniumLibrary">
<arg>${pharmacy_view_details}</arg>
<doc>Waits until the element ``locator`` is enabled.</doc>
<status status="PASS" start="2024-05-28T14:55:26.043657" elapsed="1.049647"/>
</kw>
<kw name="Click Link" owner="SeleniumLibrary">
<msg time="2024-05-28T14:55:27.094815" level="INFO">Clicking link 'xpath://a[@class="btn btn-default btn-xs"]'.</msg>
<arg>${pharmacy_view_details}</arg>
<doc>Clicks a link identified by ``locator``.</doc>
<status status="PASS" start="2024-05-28T14:55:27.093822" elapsed="1.072766"/>
</kw>
<status status="PASS" start="2024-05-28T14:55:26.042666" elapsed="2.123922"/>
</kw>
<kw name="Verify the successfull view of the bill details" owner="UserResources">
<kw name="Wait Until Element Is Visible" owner="SeleniumLibrary">
<arg>${view_detail_assert}</arg>
<doc>Waits until the element ``locator`` is visible.</doc>
<status status="PASS" start="2024-05-28T14:55:28.175378" elapsed="0.739101"/>
</kw>
<kw name="Element Text Should Be" owner="SeleniumLibrary">
<msg time="2024-05-28T14:55:28.916957" level="INFO">Verifying element 'xpath://h5[text()='Bill No : PHARMAB307']' contains exact text 'Bill No : PHARMAB307'.</msg>
<arg>${view_detail_assert}</arg>
<arg>Bill No : PHARMAB307</arg>
<doc>Verifies that element ``locator`` contains exact the text ``expected``.</doc>
<status status="PASS" start="2024-05-28T14:55:28.915865" elapsed="0.094065"/>
</kw>
<status status="PASS" start="2024-05-28T14:55:28.168840" elapsed="0.841587"/>
</kw>
<kw name="Close the browser" owner="GenericResources" type="TEARDOWN">
<kw name="Close Browser" owner="SeleniumLibrary">
<doc>Closes the current browser.</doc>
<status status="PASS" start="2024-05-28T14:55:29.012064" elapsed="16.773581"/>
</kw>
<status status="PASS" start="2024-05-28T14:55:29.011073" elapsed="16.776563"/>
</kw>
<status status="PASS" start="2024-05-28T14:55:02.833056" elapsed="42.954580"/>
</test>
<doc>Test case for the valid view bill details</doc>
<status status="PASS" start="2024-05-28T14:55:02.818725" elapsed="43.001964"/>
</suite>
<status status="FAIL" start="2024-05-28T14:50:55.656964" elapsed="290.170101"/>
</suite>
<status status="FAIL" start="2024-05-28T14:46:30.904716" elapsed="554.924335"/>
</suite>
<statistics>
<total>
<stat pass="23" fail="11" skip="0">All Tests</stat>
</total>
<tag>
<stat pass="0" fail="4" skip="0">smoke</stat>
</tag>
<suite>
<stat pass="23" fail="11" skip="0" id="s1" name="SmartHospital">SmartHospital</stat>
<stat pass="12" fail="5" skip="0" id="s1-s1" name="Smart Hospital">SmartHospital.Smart Hospital</stat>
<stat pass="12" fail="5" skip="0" id="s1-s1-s1" name="TestCases">SmartHospital.Smart Hospital.TestCases</stat>
<stat pass="0" fail="1" skip="0" id="s1-s1-s1-s1" name="Test Invalid Addnewpatient">SmartHospital.Smart Hospital.TestCases.Test Invalid Addnewpatient</stat>
<stat pass="1" fail="0" skip="0" id="s1-s1-s1-s2" name="Test Invalid Billsearch">SmartHospital.Smart Hospital.TestCases.Test Invalid Billsearch</stat>
<stat pass="5" fail="0" skip="0" id="s1-s1-s1-s3" name="Test Invalid Doctorlogin">SmartHospital.Smart Hospital.TestCases.Test Invalid Doctorlogin</stat>
<stat pass="0" fail="1" skip="0" id="s1-s1-s1-s4" name="Test Invalid Update Bedstatus">SmartHospital.Smart Hospital.TestCases.Test Invalid Update Bedstatus</stat>
<stat pass="0" fail="1" skip="0" id="s1-s1-s1-s5" name="Test Invalid Viewbillsearch">SmartHospital.Smart Hospital.TestCases.Test Invalid Viewbillsearch</stat>
<stat pass="0" fail="1" skip="0" id="s1-s1-s1-s6" name="Test Valid Addnewpatient">SmartHospital.Smart Hospital.TestCases.Test Valid Addnewpatient</stat>
<stat pass="1" fail="0" skip="0" id="s1-s1-s1-s7" name="Test Valid Billsearch">SmartHospital.Smart Hospital.TestCases.Test Valid Billsearch</stat>
<stat pass="2" fail="0" skip="0" id="s1-s1-s1-s8" name="Test Valid Doctorlogin">SmartHospital.Smart Hospital.TestCases.Test Valid Doctorlogin</stat>
<stat pass="1" fail="0" skip="0" id="s1-s1-s1-s9" name="Test Valid NotificationDelete">SmartHospital.Smart Hospital.TestCases.Test Valid NotificationDelete</stat>
<stat pass="0" fail="1" skip="0" id="s1-s1-s1-s10" name="Test Valid Update Bedstatus">SmartHospital.Smart Hospital.TestCases.Test Valid Update Bedstatus</stat>
<stat pass="1" fail="0" skip="0" id="s1-s1-s1-s11" name="Test Valid Userlogin">SmartHospital.Smart Hospital.TestCases.Test Valid Userlogin</stat>
<stat pass="1" fail="0" skip="0" id="s1-s1-s1-s12" name="Test Valid Viewbilldetails">SmartHospital.Smart Hospital.TestCases.Test Valid Viewbilldetails</stat>
<stat pass="11" fail="6" skip="0" id="s1-s2" name="TestCases">SmartHospital.TestCases</stat>
<stat pass="0" fail="1" skip="0" id="s1-s2-s1" name="Test Invalid Addnewpatient">SmartHospital.TestCases.Test Invalid Addnewpatient</stat>
<stat pass="1" fail="0" skip="0" id="s1-s2-s2" name="Test Invalid Billsearch">SmartHospital.TestCases.Test Invalid Billsearch</stat>
<stat pass="5" fail="0" skip="0" id="s1-s2-s3" name="Test Invalid Doctorlogin">SmartHospital.TestCases.Test Invalid Doctorlogin</stat>
<stat pass="0" fail="1" skip="0" id="s1-s2-s4" name="Test Invalid Update Bedstatus">SmartHospital.TestCases.Test Invalid Update Bedstatus</stat>
<stat pass="0" fail="1" skip="0" id="s1-s2-s5" name="Test Invalid Viewbillsearch">SmartHospital.TestCases.Test Invalid Viewbillsearch</stat>
<stat pass="0" fail="1" skip="0" id="s1-s2-s6" name="Test Valid Addnewpatient">SmartHospital.TestCases.Test Valid Addnewpatient</stat>
<stat pass="1" fail="0" skip="0" id="s1-s2-s7" name="Test Valid Billsearch">SmartHospital.TestCases.Test Valid Billsearch</stat>
<stat pass="2" fail="0" skip="0" id="s1-s2-s8" name="Test Valid Doctorlogin">SmartHospital.TestCases.Test Valid Doctorlogin</stat>
<stat pass="0" fail="1" skip="0" id="s1-s2-s9" name="Test Valid NotificationDelete">SmartHospital.TestCases.Test Valid NotificationDelete</stat>
<stat pass="0" fail="1" skip="0" id="s1-s2-s10" name="Test Valid Update Bedstatus">SmartHospital.TestCases.Test Valid Update Bedstatus</stat>
<stat pass="1" fail="0" skip="0" id="s1-s2-s11" name="Test Valid Userlogin">SmartHospital.TestCases.Test Valid Userlogin</stat>
<stat pass="1" fail="0" skip="0" id="s1-s2-s12" name="Test Valid Viewbilldetails">SmartHospital.TestCases.Test Valid Viewbilldetails</stat>
</suite>
</statistics>
<errors>
<msg time="2024-05-28T14:46:31.258154" level="ERROR">Error in file 'C:\Users\KARTHIPRIYA R\OneDrive\Desktop\SmartHospital\Smart_Hospital\TestCases\Test_Invalid_Addnewpatient.robot' on line 4: Importing library 'DataDriver' failed: ModuleNotFoundError: No module named 'DataDriver'
Traceback (most recent call last):
  None
PYTHONPATH:
  C:\Program Files\Python311\Scripts\robot.exe
  C:\Program Files\Python311\python311.zip
  C:\Program Files\Python311\Lib
  C:\Program Files\Python311\DLLs
  C:\Program Files\Python311
  C:\Program Files\Python311\Lib\site-packages</msg>
<msg time="2024-05-28T14:48:46.966284" level="ERROR">Error in file 'C:\Users\KARTHIPRIYA R\OneDrive\Desktop\SmartHospital\Smart_Hospital\TestCases\Test_Valid_Addnewpatient.robot' on line 4: Importing library 'DataDriver' failed: ModuleNotFoundError: No module named 'DataDriver'
Traceback (most recent call last):
  None
PYTHONPATH:
  C:\Program Files\Python311\Scripts\robot.exe
  C:\Program Files\Python311\python311.zip
  C:\Program Files\Python311\Lib
  C:\Program Files\Python311\DLLs
  C:\Program Files\Python311
  C:\Program Files\Python311\Lib\site-packages</msg>
<msg time="2024-05-28T14:50:55.665918" level="ERROR">Error in file 'C:\Users\KARTHIPRIYA R\OneDrive\Desktop\SmartHospital\TestCases\Test_Invalid_Addnewpatient.robot' on line 4: Importing library 'DataDriver' failed: ModuleNotFoundError: No module named 'DataDriver'
Traceback (most recent call last):
  None
PYTHONPATH:
  C:\Program Files\Python311\Scripts\robot.exe
  C:\Program Files\Python311\python311.zip
  C:\Program Files\Python311\Lib
  C:\Program Files\Python311\DLLs
  C:\Program Files\Python311
  C:\Program Files\Python311\Lib\site-packages</msg>
<msg time="2024-05-28T14:53:01.108652" level="ERROR">Error in file 'C:\Users\KARTHIPRIYA R\OneDrive\Desktop\SmartHospital\TestCases\Test_Valid_Addnewpatient.robot' on line 4: Importing library 'DataDriver' failed: ModuleNotFoundError: No module named 'DataDriver'
Traceback (most recent call last):
  None
PYTHONPATH:
  C:\Program Files\Python311\Scripts\robot.exe
  C:\Program Files\Python311\python311.zip
  C:\Program Files\Python311\Lib
  C:\Program Files\Python311\DLLs
  C:\Program Files\Python311
  C:\Program Files\Python311\Lib\site-packages</msg>
</errors>
</robot>
